26/04/2012 6:18:34 Se conecto con ip:127.0.0.1
26/04/2012 7:58:16 Se conecto con ip:127.0.0.1
26/04/2012 8:00:02 Se conecto con ip:127.0.0.1
29/04/2012 11:02:25 p.m. Se conecto con ip:127.0.0.1
29/04/2012 11:02:46 p.m. Transportó a asdasd hacia Mapa1 X:50 Y:50
29/04/2012 11:05:23 p.m. Transportó a asdasd hacia Mapa34 X:25 Y:80
29/04/2012 11:05:23 p.m. Transportó a asdasd hacia Mapa34 X:25 Y:84
29/04/2012 11:05:24 p.m. Transportó a asdasd hacia Mapa34 X:24 Y:88
29/04/2012 11:05:24 p.m. Transportó a asdasd hacia Mapa34 X:19 Y:89
29/04/2012 11:05:25 p.m. Transportó a asdasd hacia Mapa34 X:13 Y:88
29/04/2012 11:05:27 p.m. Transportó a asdasd hacia Mapa45 X:12 Y:84
29/04/2012 11:05:30 p.m. Transportó a asdasd hacia Mapa34 X:10 Y:87
29/04/2012 11:05:32 p.m. Transportó a asdasd hacia Mapa34 X:14 Y:88
29/04/2012 11:05:34 p.m. Transportó a asdasd hacia Mapa45 X:14 Y:78
29/04/2012 11:05:35 p.m. Transportó a asdasd hacia Mapa45 X:18 Y:75
29/04/2012 11:05:35 p.m. Transportó a asdasd hacia Mapa45 X:24 Y:73
29/04/2012 11:05:35 p.m. Transportó a asdasd hacia Mapa45 X:32 Y:73
29/04/2012 11:05:35 p.m. Transportó a asdasd hacia Mapa45 X:39 Y:74
29/04/2012 11:05:35 p.m. Transportó a asdasd hacia Mapa45 X:48 Y:76
29/04/2012 11:05:36 p.m. Transportó a asdasd hacia Mapa45 X:55 Y:76
29/04/2012 11:05:36 p.m. Transportó a asdasd hacia Mapa45 X:62 Y:76
29/04/2012 11:05:36 p.m. Transportó a asdasd hacia Mapa45 X:67 Y:76
29/04/2012 11:05:37 p.m. Transportó a asdasd hacia Mapa45 X:74 Y:76
29/04/2012 11:05:37 p.m. Transportó a asdasd hacia Mapa45 X:81 Y:76
29/04/2012 11:05:38 p.m. Transportó a asdasd hacia Mapa45 X:81 Y:72
29/04/2012 11:05:38 p.m. Transportó a asdasd hacia Mapa45 X:78 Y:68
29/04/2012 11:05:38 p.m. Transportó a asdasd hacia Mapa45 X:74 Y:64
29/04/2012 11:05:38 p.m. Transportó a asdasd hacia Mapa45 X:71 Y:60
29/04/2012 11:05:38 p.m. Transportó a asdasd hacia Mapa45 X:70 Y:58
29/04/2012 11:05:39 p.m. Transportó a asdasd hacia Mapa45 X:68 Y:59
29/04/2012 11:05:39 p.m. Transportó a asdasd hacia Mapa45 X:65 Y:62
29/04/2012 11:05:39 p.m. Transportó a asdasd hacia Mapa45 X:61 Y:65
29/04/2012 11:05:39 p.m. Transportó a asdasd hacia Mapa45 X:57 Y:68
29/04/2012 11:05:39 p.m. Transportó a asdasd hacia Mapa45 X:53 Y:71
29/04/2012 11:05:40 p.m. Transportó a asdasd hacia Mapa45 X:49 Y:74
29/04/2012 11:05:40 p.m. Transportó a asdasd hacia Mapa45 X:45 Y:77
29/04/2012 11:05:40 p.m. Transportó a asdasd hacia Mapa45 X:40 Y:79
29/04/2012 11:05:40 p.m. Transportó a asdasd hacia Mapa45 X:35 Y:79
29/04/2012 11:05:41 p.m. Transportó a asdasd hacia Mapa45 X:30 Y:79
29/04/2012 11:05:41 p.m. Transportó a asdasd hacia Mapa45 X:25 Y:79
29/04/2012 11:05:41 p.m. Transportó a asdasd hacia Mapa45 X:20 Y:79
29/04/2012 11:05:41 p.m. Transportó a asdasd hacia Mapa45 X:14 Y:79
29/04/2012 11:05:42 p.m. Transportó a asdasd hacia Mapa45 X:10 Y:82
29/04/2012 11:05:47 p.m. Transportó a asdasd hacia Mapa45 X:11 Y:78
29/04/2012 11:05:47 p.m. Transportó a asdasd hacia Mapa45 X:12 Y:74
29/04/2012 11:05:47 p.m. Transportó a asdasd hacia Mapa45 X:15 Y:72
29/04/2012 11:05:48 p.m. Transportó a asdasd hacia Mapa45 X:21 Y:72
29/04/2012 11:05:48 p.m. Transportó a asdasd hacia Mapa45 X:27 Y:73
29/04/2012 11:05:48 p.m. Transportó a asdasd hacia Mapa45 X:33 Y:74
29/04/2012 11:05:48 p.m. Transportó a asdasd hacia Mapa45 X:38 Y:75
29/04/2012 11:05:48 p.m. Transportó a asdasd hacia Mapa45 X:41 Y:75
29/04/2012 11:05:49 p.m. Transportó a asdasd hacia Mapa45 X:43 Y:73
29/04/2012 11:05:49 p.m. Transportó a asdasd hacia Mapa45 X:45 Y:70
29/04/2012 11:05:49 p.m. Transportó a asdasd hacia Mapa45 X:47 Y:70
29/04/2012 11:05:49 p.m. Transportó a asdasd hacia Mapa45 X:48 Y:70
29/04/2012 11:05:50 p.m. Transportó a asdasd hacia Mapa45 X:54 Y:70
29/04/2012 11:06:12 p.m. Transportó a asdasd hacia Mapa45 X:59 Y:74
29/04/2012 11:06:15 p.m. Transportó a asdasd hacia Mapa45 X:55 Y:76
29/04/2012 11:06:15 p.m. Transportó a asdasd hacia Mapa45 X:50 Y:75
29/04/2012 11:06:15 p.m. Transportó a asdasd hacia Mapa45 X:44 Y:75
29/04/2012 11:06:15 p.m. Transportó a asdasd hacia Mapa45 X:38 Y:75
29/04/2012 11:06:16 p.m. Transportó a asdasd hacia Mapa45 X:30 Y:75
29/04/2012 11:06:16 p.m. Transportó a asdasd hacia Mapa45 X:24 Y:76
29/04/2012 11:06:22 p.m. Transportó a asdasd hacia Mapa45 X:23 Y:75
29/04/2012 11:06:22 p.m. Transportó a asdasd hacia Mapa45 X:18 Y:74
29/04/2012 11:06:22 p.m. Transportó a asdasd hacia Mapa45 X:13 Y:74
29/04/2012 11:06:23 p.m. Transportó a asdasd hacia Mapa45 X:10 Y:76
29/04/2012 11:06:23 p.m. Transportó a asdasd hacia Mapa45 X:13 Y:79
29/04/2012 11:06:24 p.m. Transportó a asdasd hacia Mapa45 X:11 Y:82
29/04/2012 11:06:25 p.m. Transportó a asdasd hacia Mapa34 X:19 Y:89
29/04/2012 11:06:25 p.m. Transportó a asdasd hacia Mapa34 X:26 Y:87
29/04/2012 11:06:25 p.m. Transportó a asdasd hacia Mapa34 X:33 Y:85
29/04/2012 11:06:26 p.m. Transportó a asdasd hacia Mapa34 X:40 Y:83
29/04/2012 11:06:26 p.m. Transportó a asdasd hacia Mapa34 X:46 Y:81
29/04/2012 11:06:26 p.m. Transportó a asdasd hacia Mapa34 X:48 Y:78
29/04/2012 11:06:26 p.m. Transportó a asdasd hacia Mapa34 X:48 Y:75
29/04/2012 11:06:27 p.m. Transportó a asdasd hacia Mapa34 X:55 Y:78
30/04/2012 12:27:42 a.m. Se conecto con ip:127.0.0.1
30/04/2012 12:27:47 a.m. Transportó a asdasd hacia Mapa260 X:50 Y:50
30/04/2012 12:27:51 a.m. Transportó a asdasd hacia Mapa260 X:51 Y:46
30/04/2012 12:27:52 a.m. Transportó a asdasd hacia Mapa260 X:50 Y:40
30/04/2012 12:27:52 a.m. Transportó a asdasd hacia Mapa260 X:49 Y:35
30/04/2012 12:27:52 a.m. Transportó a asdasd hacia Mapa260 X:49 Y:31
30/04/2012 12:27:52 a.m. Transportó a asdasd hacia Mapa260 X:51 Y:29
30/04/2012 12:27:53 a.m. Transportó a asdasd hacia Mapa260 X:48 Y:23
30/04/2012 12:27:53 a.m. Transportó a asdasd hacia Mapa260 X:46 Y:18
30/04/2012 12:27:53 a.m. Transportó a asdasd hacia Mapa260 X:48 Y:13
30/04/2012 11:39:29 a.m. Se conecto con ip:127.0.0.1
30/04/2012 11:39:32 a.m. Transportó a asdasd hacia Mapa34 X:57 Y:77
30/04/2012 11:39:33 a.m. Transportó a asdasd hacia Mapa34 X:58 Y:75
30/04/2012 11:39:34 a.m. Transportó a asdasd hacia Mapa34 X:59 Y:73
30/04/2012 11:39:34 a.m. Transportó a asdasd hacia Mapa34 X:60 Y:71
30/04/2012 11:39:35 a.m. Transportó a asdasd hacia Mapa34 X:61 Y:69
30/04/2012 11:39:35 a.m. Transportó a asdasd hacia Mapa34 X:62 Y:67
30/04/2012 11:39:36 a.m. Transportó a asdasd hacia Mapa34 X:62 Y:63
30/04/2012 11:39:36 a.m. Transportó a asdasd hacia Mapa34 X:63 Y:58
30/04/2012 11:39:38 a.m. Transportó a asdasd hacia Mapa34 X:61 Y:54
30/04/2012 11:42:54 a.m. Se conecto con ip:127.0.0.1
30/04/2012 11:42:55 a.m. Transportó a asdasd hacia Mapa34 X:57 Y:58
30/04/2012 11:42:55 a.m. Transportó a asdasd hacia Mapa34 X:52 Y:62
30/04/2012 11:42:55 a.m. Transportó a asdasd hacia Mapa34 X:46 Y:65
30/04/2012 11:42:56 a.m. Transportó a asdasd hacia Mapa34 X:40 Y:67
30/04/2012 11:42:56 a.m. Transportó a asdasd hacia Mapa34 X:34 Y:69
30/04/2012 11:42:56 a.m. Transportó a asdasd hacia Mapa34 X:29 Y:71
30/04/2012 11:42:56 a.m. Transportó a asdasd hacia Mapa34 X:25 Y:73
30/04/2012 11:42:57 a.m. Transportó a asdasd hacia Mapa34 X:22 Y:75
30/04/2012 11:42:58 a.m. Transportó a asdasd hacia Mapa34 X:20 Y:77
03/05/2012 12:26:34 a.m. Se conecto con ip:127.0.0.1
03/05/2012 12:28:18 a.m. Se conecto con ip:127.0.0.1
03/05/2012 12:29:55 a.m. Se conecto con ip:127.0.0.1
03/05/2012 12:30:48 a.m. Se conecto con ip:127.0.0.1
03/05/2012 12:33:34 a.m. Se conecto con ip:127.0.0.1
03/05/2012 12:36:11 a.m. Se conecto con ip:127.0.0.1
03/05/2012 12:36:14 a.m. Transportó a asdasd hacia Mapa34 X:21 Y:73
03/05/2012 12:36:15 a.m. Transportó a asdasd hacia Mapa34 X:28 Y:67
03/05/2012 12:36:15 a.m. Transportó a asdasd hacia Mapa34 X:28 Y:68
03/05/2012 12:36:16 a.m. Transportó a asdasd hacia Mapa34 X:35 Y:63
03/05/2012 12:36:16 a.m. Transportó a asdasd hacia Mapa34 X:39 Y:60
12/05/2012 15:34:43 Se conecto con ip:127.0.0.1
12/05/2012 15:35:01 Se conecto con ip:127.0.0.1
12/05/2012 15:40:16 Se conecto con ip:127.0.0.1
12/05/2012 15:54:38 Se conecto con ip:127.0.0.1
12/05/2012 15:59:52 Se conecto con ip:127.0.0.1
