Muerto ha entrado al juego. UserIndex:1 10:03:59 13/05/2012
MUERTO ha dejado el juego. User Index:1 10:04:20 13/05/2012
Muerto ha entrado al juego. UserIndex:1 10:07:20 13/05/2012
MUERTO ha dejado el juego. User Index:1 10:07:30 13/05/2012
Dunkan ha entrado al juego. UserIndex:1 01:43:49 p.m. 12/05/2012
Dunkan ha entrado al juego. UserIndex:1 02:26:58 p.m. 12/05/2012
DUNKAN ha dejado el juego. User Index:1 02:27:39 p.m. 12/05/2012
Dunkan ha entrado al juego. UserIndex:1 02:52:35 p.m. 12/05/2012
DUNKAN ha dejado el juego. User Index:1 02:54:15 p.m. 12/05/2012
Muerto ha entrado al juego. UserIndex:1 02:54:38 p.m. 12/05/2012
MUERTO ha dejado el juego. User Index:1 02:54:44 p.m. 12/05/2012
Dunkan ha entrado al juego. UserIndex:1 02:57:57 p.m. 12/05/2012
DUNKAN ha dejado el juego. User Index:1 03:00:15 p.m. 12/05/2012
Dunkan ha entrado al juego. UserIndex:1 03:00:15 p.m. 12/05/2012
DUNKAN ha dejado el juego. User Index:1 03:01:51 p.m. 12/05/2012
Muerto ha entrado al juego. UserIndex:1 15:33:48 13/05/2012
MUERTO ha dejado el juego. User Index:1 15:34:07 13/05/2012
 ha dejado el juego. User Index:1 10:53:47 13/05/2012
 ha dejado el juego. User Index:1 10:57:41 13/05/2012
 ha dejado el juego. User Index:1 10:58:26 13/05/2012
 ha dejado el juego. User Index:1 11:00:17 13/05/2012
 ha dejado el juego. User Index:1 11:02:42 13/05/2012
 ha dejado el juego. User Index:1 11:02:50 13/05/2012
 ha dejado el juego. User Index:1 11:03:55 13/05/2012
 ha dejado el juego. User Index:1 11:04:54 13/05/2012
 ha dejado el juego. User Index:1 11:05:23 13/05/2012
 ha dejado el juego. User Index:1 11:06:11 13/05/2012
 ha dejado el juego. User Index:1 11:06:55 13/05/2012
 ha dejado el juego. User Index:1 11:07:42 13/05/2012
 ha dejado el juego. User Index:2 11:07:43 13/05/2012
 ha dejado el juego. User Index:1 11:07:45 13/05/2012
 ha dejado el juego. User Index:2 11:07:47 13/05/2012
 ha dejado el juego. User Index:1 11:08:53 13/05/2012
 ha dejado el juego. User Index:1 11:10:14 13/05/2012
 ha dejado el juego. User Index:1 11:10:22 13/05/2012
 ha dejado el juego. User Index:1 11:11:19 13/05/2012
 ha dejado el juego. User Index:1 11:11:43 13/05/2012
 ha dejado el juego. User Index:1 11:12:16 13/05/2012
 ha dejado el juego. User Index:1 11:15:33 13/05/2012
 ha dejado el juego. User Index:1 11:16:30 13/05/2012
 ha dejado el juego. User Index:1 11:18:58 13/05/2012
 ha dejado el juego. User Index:1 11:20:50 13/05/2012
 ha dejado el juego. User Index:1 11:29:06 13/05/2012
 ha dejado el juego. User Index:1 11:29:54 13/05/2012
 ha dejado el juego. User Index:1 11:32:50 13/05/2012
 ha dejado el juego. User Index:1 11:37:48 13/05/2012
 ha dejado el juego. User Index:2 11:39:24 13/05/2012
 ha dejado el juego. User Index:1 11:39:37 13/05/2012
 ha dejado el juego. User Index:1 11:40:35 13/05/2012
 ha dejado el juego. User Index:1 11:42:57 a.m. 13/05/2012
 ha dejado el juego. User Index:1 11:43:33 a.m. 13/05/2012
 ha dejado el juego. User Index:1 11:44:11 a.m. 13/05/2012
 ha dejado el juego. User Index:1 15:03:42 13/05/2012
 ha dejado el juego. User Index:1 15:19:57 13/05/2012
 ha dejado el juego. User Index:1 10:53:32 p.m. 13/05/2012
 ha dejado el juego. User Index:2 10:53:44 p.m. 13/05/2012
 ha dejado el juego. User Index:1 10:53:47 p.m. 13/05/2012
 ha dejado el juego. User Index:2 10:53:56 p.m. 13/05/2012
 ha dejado el juego. User Index:1 10:54:08 p.m. 13/05/2012
 ha dejado el juego. User Index:1 10:55:04 p.m. 13/05/2012
 ha dejado el juego. User Index:1 5:15:14 14/05/2012
 ha dejado el juego. User Index:1 5:26:06 14/05/2012
 ha dejado el juego. User Index:2 5:28:12 14/05/2012
 ha dejado el juego. User Index:2 5:29:10 14/05/2012
 ha dejado el juego. User Index:2 5:43:09 14/05/2012
 ha dejado el juego. User Index:1 5:44:37 14/05/2012
 ha dejado el juego. User Index:1 5:46:00 14/05/2012
 ha dejado el juego. User Index:1 5:46:23 14/05/2012
 ha dejado el juego. User Index:1 5:48:26 14/05/2012
 ha dejado el juego. User Index:1 5:50:22 14/05/2012
 ha dejado el juego. User Index:1 5:52:23 14/05/2012
 ha dejado el juego. User Index:1 5:54:32 14/05/2012
 ha dejado el juego. User Index:2 5:54:36 14/05/2012
 ha dejado el juego. User Index:1 6:00:15 14/05/2012
 ha dejado el juego. User Index:1 10:04:05 14/05/2012
 ha dejado el juego. User Index:1 10:11:21 14/05/2012
 ha dejado el juego. User Index:1 10:11:41 14/05/2012
 ha dejado el juego. User Index:1 10:13:17 14/05/2012
 ha dejado el juego. User Index:1 10:14:19 14/05/2012
 ha dejado el juego. User Index:1 10:15:55 14/05/2012
 ha dejado el juego. User Index:1 10:27:35 14/05/2012
 ha dejado el juego. User Index:1 10:30:01 14/05/2012
 ha dejado el juego. User Index:1 10:31:05 14/05/2012
 ha dejado el juego. User Index:2 10:33:03 14/05/2012
 ha dejado el juego. User Index:1 10:33:32 14/05/2012
 ha dejado el juego. User Index:1 10:56:03 14/05/2012
 ha dejado el juego. User Index:1 11:19:11 14/05/2012
 ha dejado el juego. User Index:1 11:20:21 14/05/2012
 ha dejado el juego. User Index:1 11:20:38 14/05/2012
 ha dejado el juego. User Index:1 11:20:46 14/05/2012
 ha dejado el juego. User Index:1 11:21:55 14/05/2012
 ha dejado el juego. User Index:1 11:24:09 14/05/2012
 ha dejado el juego. User Index:1 11:24:21 14/05/2012
 ha dejado el juego. User Index:1 11:34:06 14/05/2012
 ha dejado el juego. User Index:1 11:34:36 14/05/2012
DUNKAN ha dejado el juego. User Index:1 11:36:36 14/05/2012
DUNKAN ha dejado el juego. User Index:1 11:41:11 14/05/2012
DUNKAN ha dejado el juego. User Index:1 11:42:29 14/05/2012
DUNKAN ha dejado el juego. User Index:1 11:44:24 14/05/2012
DUNKAN ha dejado el juego. User Index:1 11:55:45 14/05/2012
DUNKAN ha dejado el juego. User Index:1 11:56:13 14/05/2012
DUNKAN ha dejado el juego. User Index:1 11:57:17 14/05/2012
DUNKAN ha dejado el juego. User Index:1 11:58:31 14/05/2012
DUNKAN ha dejado el juego. User Index:2 11:58:32 14/05/2012
DUNKAN ha dejado el juego. User Index:1 12:00:58 14/05/2012
DUNKAN ha dejado el juego. User Index:2 12:01:03 14/05/2012
DUNKAN ha dejado el juego. User Index:1 12:04:57 14/05/2012
DUNKAN ha dejado el juego. User Index:2 12:05:02 14/05/2012
DUNKAN ha dejado el juego. User Index:1 12:06:00 14/05/2012
DUNKAN ha dejado el juego. User Index:1 12:06:50 14/05/2012
DUNKAN ha dejado el juego. User Index:1 12:07:03 14/05/2012
DUNKAN ha dejado el juego. User Index:1 12:09:44 14/05/2012
DUNKAN ha dejado el juego. User Index:1 12:11:55 14/05/2012
DUNKAN ha dejado el juego. User Index:1 12:15:50 14/05/2012
DUNKAN ha dejado el juego. User Index:1 12:16:11 14/05/2012
DUNKAN ha dejado el juego. User Index:2 12:23:19 14/05/2012
DUNKAN ha dejado el juego. User Index:1 12:23:25 14/05/2012
DUNKAN ha dejado el juego. User Index:1 12:25:04 14/05/2012
DUNKAN ha dejado el juego. User Index:1 12:25:28 14/05/2012
DUNKAN ha dejado el juego. User Index:1 12:25:44 14/05/2012
DUNKAN ha dejado el juego. User Index:2 12:25:47 14/05/2012
DUNKAN ha dejado el juego. User Index:1 14:14:53 14/05/2012
DUNKAN ha dejado el juego. User Index:1 14:16:00 14/05/2012
DUNKAN ha dejado el juego. User Index:3 14:16:06 14/05/2012
DUNKAN ha dejado el juego. User Index:1 02:20:11 p.m. 14/05/2012
DUNKAN ha dejado el juego. User Index:2 02:20:19 p.m. 14/05/2012
DUNKAN ha dejado el juego. User Index:1 02:20:36 p.m. 14/05/2012
DUNKAN ha dejado el juego. User Index:1 02:27:47 p.m. 14/05/2012
DUNKAN ha dejado el juego. User Index:1 02:29:25 p.m. 14/05/2012
DUNKAN ha dejado el juego. User Index:2 02:29:28 p.m. 14/05/2012
DUNKAN ha dejado el juego. User Index:1 02:29:53 p.m. 14/05/2012
DUNKAN ha dejado el juego. User Index:2 02:29:55 p.m. 14/05/2012
DUNKAN ha dejado el juego. User Index:1 02:30:26 p.m. 14/05/2012
DUNKAN ha dejado el juego. User Index:1 02:46:54 p.m. 14/05/2012
DUNKAN ha dejado el juego. User Index:1 02:49:56 p.m. 14/05/2012
DUNKAN ha dejado el juego. User Index:1 02:59:04 p.m. 14/05/2012
DUNKAN ha dejado el juego. User Index:1 03:02:33 p.m. 14/05/2012
DUNKAN ha dejado el juego. User Index:1 03:03:58 p.m. 14/05/2012
DUNKAN ha dejado el juego. User Index:2 03:04:35 p.m. 14/05/2012
DUNKAN ha dejado el juego. User Index:1 03:08:56 p.m. 14/05/2012
DUNKAN ha dejado el juego. User Index:1 03:12:55 p.m. 14/05/2012
DUNKAN ha dejado el juego. User Index:1 03:13:29 p.m. 14/05/2012
DUNKAN ha dejado el juego. User Index:1 16:54:47 14/05/2012
DUNKAN ha dejado el juego. User Index:2 16:54:48 14/05/2012
DUNKAN ha dejado el juego. User Index:1 05:34:00 p.m. 14/05/2012
DUNKAN ha dejado el juego. User Index:2 05:35:39 p.m. 14/05/2012
DUNKAN ha dejado el juego. User Index:1 05:36:00 p.m. 14/05/2012
DUNKAN ha dejado el juego. User Index:2 05:36:02 p.m. 14/05/2012
DUNKAN ha dejado el juego. User Index:1 05:37:55 p.m. 14/05/2012
DUNKAN ha dejado el juego. User Index:2 05:38:17 p.m. 14/05/2012
DUNKAN ha dejado el juego. User Index:1 05:40:45 p.m. 14/05/2012
DUNKAN ha dejado el juego. User Index:1 05:44:14 p.m. 14/05/2012
DUNKAN ha dejado el juego. User Index:1 05:55:43 p.m. 14/05/2012
DUNKAN ha dejado el juego. User Index:2 05:57:03 p.m. 14/05/2012
DUNKAN ha dejado el juego. User Index:1 06:05:18 p.m. 14/05/2012
DUNKAN ha dejado el juego. User Index:2 06:05:50 p.m. 14/05/2012
DUNKAN ha dejado el juego. User Index:1 13:41:40 15/05/2012
DUNKAN ha dejado el juego. User Index:2 13:41:43 15/05/2012
DUNKAN ha dejado el juego. User Index:1 13:59:41 15/05/2012
DUNKAN ha dejado el juego. User Index:1 14:02:54 15/05/2012
DUNKAN ha dejado el juego. User Index:1 14:09:43 15/05/2012
DUNKAN ha dejado el juego. User Index:2 14:09:50 15/05/2012
DUNKAN ha dejado el juego. User Index:1 14:10:04 15/05/2012
DUNKAN ha dejado el juego. User Index:3 14:10:11 15/05/2012
DUNKAN ha dejado el juego. User Index:1 14:10:17 15/05/2012
DUNKAN ha dejado el juego. User Index:3 14:10:26 15/05/2012
DUNKAN ha dejado el juego. User Index:2 14:10:36 15/05/2012
DUNKAN ha dejado el juego. User Index:2 14:11:09 15/05/2012
DUNKAN ha dejado el juego. User Index:3 14:11:18 15/05/2012
DUNKAN ha dejado el juego. User Index:2 14:11:23 15/05/2012
DUNKAN ha dejado el juego. User Index:2 14:11:33 15/05/2012
DUNKAN ha dejado el juego. User Index:3 14:11:41 15/05/2012
DUNKAN ha dejado el juego. User Index:2 14:11:50 15/05/2012
DUNKAN ha dejado el juego. User Index:3 14:11:56 15/05/2012
DUNKAN ha dejado el juego. User Index:2 14:12:02 15/05/2012
DUNKAN ha dejado el juego. User Index:3 14:12:09 15/05/2012
DUNKAN ha dejado el juego. User Index:2 14:16:02 15/05/2012
DUNKAN ha dejado el juego. User Index:2 14:33:36 15/05/2012
DUNKAN ha dejado el juego. User Index:1 14:35:02 15/05/2012
DUNKAN ha dejado el juego. User Index:2 14:35:04 15/05/2012
DUNKAN ha dejado el juego. User Index:1 14:35:05 15/05/2012
DUNKAN ha dejado el juego. User Index:2 14:35:08 15/05/2012
DUNKAN ha dejado el juego. User Index:1 14:35:09 15/05/2012
DUNKAN ha dejado el juego. User Index:2 14:35:14 15/05/2012
DUNKAN ha dejado el juego. User Index:1 20:40:06 15/05/2012
DUNKAN ha dejado el juego. User Index:2 20:40:08 15/05/2012
DUNKAN ha dejado el juego. User Index:1 20:40:25 15/05/2012
DUNKAN ha dejado el juego. User Index:1 09:45:38 p.m. 15/05/2012
DUNKAN ha dejado el juego. User Index:2 09:45:40 p.m. 15/05/2012
DUNKAN ha dejado el juego. User Index:1 09:45:41 p.m. 15/05/2012
DUNKAN ha dejado el juego. User Index:1 09:46:33 p.m. 15/05/2012
DUNKAN ha dejado el juego. User Index:1 09:46:45 p.m. 15/05/2012
DUNKAN ha dejado el juego. User Index:1 10:10:28 p.m. 15/05/2012
DUNKAN ha dejado el juego. User Index:2 10:10:32 p.m. 15/05/2012
DUNKAN ha dejado el juego. User Index:1 10:10:34 p.m. 15/05/2012
DUNKAN ha dejado el juego. User Index:2 10:10:52 p.m. 15/05/2012
CLARO ha dejado el juego. User Index:1 10:11:59 p.m. 15/05/2012
DUNKAN ha dejado el juego. User Index:1 23:43:12 15/05/2012
DUNKAN ha dejado el juego. User Index:1 23:46:07 15/05/2012
DUNKAN ha dejado el juego. User Index:2 23:46:08 15/05/2012
DUNKAN ha dejado el juego. User Index:1 23:46:19 15/05/2012
DUNKAN ha dejado el juego. User Index:1 23:49:33 15/05/2012
DUNKAN ha dejado el juego. User Index:2 23:51:01 15/05/2012
DUNKAN ha dejado el juego. User Index:1 11:14:50 17/05/2012
DUNKAN ha dejado el juego. User Index:1 11:14:56 17/05/2012
DUNKAN ha dejado el juego. User Index:1 11:15:24 17/05/2012
DUNKAN ha dejado el juego. User Index:1 11:15:56 17/05/2012
DUNKAN ha dejado el juego. User Index:1 11:16:47 17/05/2012
DUNKAN ha dejado el juego. User Index:1 11:18:24 17/05/2012
DUNKAN ha dejado el juego. User Index:1 11:22:42 17/05/2012
DUNKAN ha dejado el juego. User Index:8 12:09:50 17/05/2012
DUNKAN ha dejado el juego. User Index:8 12:11:56 17/05/2012
DUNKAN ha dejado el juego. User Index:8 12:12:10 17/05/2012
DUNKAN ha dejado el juego. User Index:1 12:14:28 17/05/2012
DUNKAN ha dejado el juego. User Index:1 12:15:09 17/05/2012
DUNKAN ha dejado el juego. User Index:1 12:15:31 17/05/2012
DUNKAN ha dejado el juego. User Index:1 12:16:44 17/05/2012
DUNKAN ha dejado el juego. User Index:1 12:17:48 17/05/2012
DUNKAN ha dejado el juego. User Index:1 12:18:45 17/05/2012
DUNKAN ha dejado el juego. User Index:1 12:19:03 17/05/2012
DUNKAN ha dejado el juego. User Index:1 12:28:31 17/05/2012
DUNKAN(1) ha dejado el juego. User Index:2 12:28:41 17/05/2012
DUNKAN ha dejado el juego. User Index:1 12:28:42 17/05/2012
DUNKAN ha dejado el juego. User Index:1 12:29:35 17/05/2012
DUNKAN(1) ha dejado el juego. User Index:2 12:29:37 17/05/2012
DUNKAN ha dejado el juego. User Index:1 12:29:43 17/05/2012
DUNKAN ha dejado el juego. User Index:1 12:32:53 17/05/2012
DUNKAN ha dejado el juego. User Index:1 12:32:59 17/05/2012
DUNKAN ha dejado el juego. User Index:1 12:33:05 17/05/2012
DUNKAN(1) ha dejado el juego. User Index:2 12:33:06 17/05/2012
DUNKAN ha dejado el juego. User Index:1 12:33:08 17/05/2012
DUNKAN(1) ha dejado el juego. User Index:2 12:33:09 17/05/2012
DUNKAN ha dejado el juego. User Index:1 12:33:11 17/05/2012
DUNKAN ha dejado el juego. User Index:1 12:33:12 17/05/2012
DUNKAN(1) ha dejado el juego. User Index:2 12:33:41 17/05/2012
DUNKAN ha dejado el juego. User Index:1 12:35:28 17/05/2012
DUNKAN ha dejado el juego. User Index:1 12:36:30 17/05/2012
DUNKAN ha dejado el juego. User Index:1 12:37:38 17/05/2012
DUNKAN ha dejado el juego. User Index:1 12:37:43 17/05/2012
DUNKAN ha dejado el juego. User Index:1 12:37:47 17/05/2012
DUNKAN ha dejado el juego. User Index:1 12:37:49 17/05/2012
DUNKAN ha dejado el juego. User Index:1 12:37:52 17/05/2012
DUNKAN(1) ha dejado el juego. User Index:2 12:37:53 17/05/2012
DUNKAN ha dejado el juego. User Index:1 12:37:55 17/05/2012
DUNKAN ha dejado el juego. User Index:1 12:38:37 17/05/2012
DUNKAN ha dejado el juego. User Index:1 12:39:12 17/05/2012
DUNKAN ha dejado el juego. User Index:1 12:39:41 17/05/2012
DUNKAN ha dejado el juego. User Index:1 12:41:05 17/05/2012
DUNKAN ha dejado el juego. User Index:1 12:41:10 17/05/2012
DUNKAN ha dejado el juego. User Index:1 12:41:43 17/05/2012
DUNKAN ha dejado el juego. User Index:1 15:19:51 19/05/2012
DUNKAN ha dejado el juego. User Index:1 15:20:01 19/05/2012
DUNKAN ha dejado el juego. User Index:1 15:20:06 19/05/2012
DUNKAN ha dejado el juego. User Index:1 15:20:18 19/05/2012
DUNKAN ha dejado el juego. User Index:1 3:45:29 05/06/2012
DUNKAN(1) ha dejado el juego. User Index:2 3:45:32 05/06/2012
DUNKAN ha dejado el juego. User Index:1 3:52:45 05/06/2012
DUNKAN ha dejado el juego. User Index:1 3:55:20 05/06/2012
DUNKAN ha dejado el juego. User Index:1 3:59:30 05/06/2012
DUNKAN ha dejado el juego. User Index:1 4:04:48 05/06/2012
DUNKAN(1) ha dejado el juego. User Index:2 4:05:06 05/06/2012
DUNKAN ha dejado el juego. User Index:1 4:05:09 05/06/2012
DUNKAN(1) ha dejado el juego. User Index:2 4:05:24 05/06/2012
DUNKAN ha dejado el juego. User Index:1 4:05:28 05/06/2012
DUNKAN(1) ha dejado el juego. User Index:2 4:05:36 05/06/2012
DUNKAN ha dejado el juego. User Index:1 4:06:39 05/06/2012
DUNKAN ha dejado el juego. User Index:1 4:06:47 05/06/2012
DUNKAN(1) ha dejado el juego. User Index:2 4:07:05 05/06/2012
DUNKAN ha dejado el juego. User Index:1 4:07:10 05/06/2012
DUNKAN(1) ha dejado el juego. User Index:2 4:07:22 05/06/2012
DUNKAN ha dejado el juego. User Index:1 4:08:14 05/06/2012
DUNKAN ha dejado el juego. User Index:1 4:08:27 05/06/2012
DUNKAN(1) ha dejado el juego. User Index:2 4:08:30 05/06/2012
DUNKAN(1) ha dejado el juego. User Index:2 4:12:03 05/06/2012
DUNKAN(2) ha dejado el juego. User Index:3 4:13:10 05/06/2012
DUNKAN(1) ha dejado el juego. User Index:2 4:13:25 05/06/2012
DUNKAN ha dejado el juego. User Index:1 4:13:32 05/06/2012
