02/02/2012 16:46:38 Dunkan paso a nivel 2 gano HP: 6
02/02/2012 16:46:38 Dunkan paso a nivel 3 gano HP: 5
02/02/2012 16:46:38 Dunkan paso a nivel 4 gano HP: 8
02/02/2012 16:46:38 Dunkan paso a nivel 5 gano HP: 6
02/02/2012 16:46:38 Dunkan paso a nivel 6 gano HP: 7
02/02/2012 16:46:38 Dunkan paso a nivel 7 gano HP: 7
02/02/2012 16:46:38 Dunkan paso a nivel 8 gano HP: 5
02/02/2012 16:46:38 Dunkan paso a nivel 9 gano HP: 8
02/02/2012 16:46:38 Dunkan paso a nivel 10 gano HP: 8
02/02/2012 16:46:38 Dunkan paso a nivel 11 gano HP: 8
02/02/2012 16:46:38 Dunkan paso a nivel 12 gano HP: 5
02/02/2012 16:46:38 Dunkan paso a nivel 13 gano HP: 6
02/02/2012 16:46:38 Dunkan paso a nivel 14 gano HP: 6
02/02/2012 16:46:38 Dunkan paso a nivel 15 gano HP: 5
02/02/2012 16:46:38 Dunkan paso a nivel 16 gano HP: 5
02/02/2012 16:46:38 Dunkan paso a nivel 17 gano HP: 5
02/02/2012 16:46:38 Dunkan paso a nivel 18 gano HP: 7
02/02/2012 16:46:38 Dunkan paso a nivel 19 gano HP: 8
02/02/2012 16:46:39 Dunkan paso a nivel 20 gano HP: 7
02/02/2012 16:46:39 Dunkan paso a nivel 21 gano HP: 8
02/02/2012 16:46:39 Dunkan paso a nivel 22 gano HP: 8
02/02/2012 16:46:39 Dunkan paso a nivel 23 gano HP: 8
02/02/2012 16:46:39 Dunkan paso a nivel 24 gano HP: 7
02/02/2012 16:46:39 Dunkan paso a nivel 25 gano HP: 8
02/02/2012 16:46:39 Dunkan paso a nivel 26 gano HP: 6
02/02/2012 16:46:39 Dunkan paso a nivel 27 gano HP: 7
02/02/2012 16:46:39 Dunkan paso a nivel 28 gano HP: 6
02/02/2012 16:46:39 Dunkan paso a nivel 29 gano HP: 5
02/02/2012 16:46:39 Dunkan paso a nivel 30 gano HP: 8
02/02/2012 16:46:39 Dunkan paso a nivel 31 gano HP: 8
02/02/2012 16:46:39 Dunkan paso a nivel 32 gano HP: 5
02/02/2012 16:46:39 Dunkan paso a nivel 33 gano HP: 8
02/02/2012 16:46:39 Dunkan paso a nivel 34 gano HP: 7
02/02/2012 17:44:08 Dunkan paso a nivel 35 gano HP: 6
02/02/2012 17:44:08 Dunkan paso a nivel 36 gano HP: 7
02/02/2012 17:44:08 Dunkan paso a nivel 37 gano HP: 5
02/02/2012 17:44:18 Dunkan paso a nivel 38 gano HP: 8
02/02/2012 17:44:43 Dunkan paso a nivel 39 gano HP: 5
02/02/2012 17:44:52 Dunkan paso a nivel 40 gano HP: 8
02/02/2012 17:44:56 Dunkan paso a nivel 41 gano HP: 5
02/02/2012 17:46:55 Dunkan compró del NPC 1000 Poción Roja
02/02/2012 17:46:55 Dunkan compró del NPC 1000 Poción Roja
02/02/2012 17:46:59 Dunkan compró del NPC 1000 Poción Roja
02/02/2012 17:46:59 Dunkan compró del NPC 1000 Poción Roja
02/02/2012 17:46:59 Dunkan compró del NPC 1000 Poción Roja
02/02/2012 17:46:59 Dunkan compró del NPC 1000 Poción Roja
02/02/2012 17:46:59 Dunkan compró del NPC 1000 Poción Roja
02/02/2012 17:46:59 Dunkan compró del NPC 1000 Poción Roja
02/02/2012 17:46:59 Dunkan compró del NPC 1000 Poción Roja
02/02/2012 17:46:59 Dunkan compró del NPC 1000 Poción Roja
02/02/2012 17:46:59 Dunkan compró del NPC 1000 Poción Roja
02/02/2012 17:47:00 Dunkan compró del NPC 1000 Poción Roja
02/02/2012 17:47:00 Dunkan compró del NPC 1000 Poción Roja
02/02/2012 17:47:02 Dunkan compró del NPC 1000 Poción Azul
02/02/2012 17:47:16 Dunkan compró del NPC 1000 Poción Azul
02/02/2012 17:47:16 Dunkan compró del NPC 1000 Poción Azul
02/02/2012 17:47:16 Dunkan compró del NPC 1000 Poción Azul
02/02/2012 17:47:17 Dunkan compró del NPC 1000 Poción Azul
02/02/2012 17:47:17 Dunkan compró del NPC 1000 Poción Azul
02/02/2012 17:49:07 Dunkan tiró al piso 9995 Poción Roja Mapa: 16 X: 44 Y: 43
02/02/2012 17:49:07 Dunkan tiró al piso 5999 Poción Azul Mapa: 16 X: 45 Y: 43
02/02/2012 17:49:07 Dunkan tira oro. Cercanos: Dunkan,
02/02/2012 17:49:32 Dunkan juntó del piso 9995 Poción Roja Mapa: 16 X: 44 Y: 43
02/02/2012 17:49:33 Dunkan tiró al piso 5999 Poción Azul Mapa: 16 X: 43 Y: 40
02/02/2012 17:49:33 Dunkan tiró al piso 9995 Poción Roja Mapa: 16 X: 44 Y: 40
02/02/2012 17:49:56 Dunkan juntó del piso 9995 Poción Roja Mapa: 16 X: 44 Y: 40
