02/04/2012 11:24:19 Dunkan paso a nivel 2 gano HP: 8
02/04/2012 11:30:15 Dunkan paso a nivel 3 gano HP: 9
02/04/2012 11:30:15 Dunkan paso a nivel 4 gano HP: 8
02/04/2012 11:30:15 Dunkan paso a nivel 5 gano HP: 8
02/04/2012 11:30:15 Dunkan paso a nivel 6 gano HP: 8
02/04/2012 11:30:15 Dunkan paso a nivel 7 gano HP: 8
02/04/2012 11:30:15 Dunkan paso a nivel 8 gano HP: 7
02/04/2012 11:30:15 Dunkan paso a nivel 9 gano HP: 7
02/04/2012 11:30:15 Dunkan paso a nivel 10 gano HP: 5
02/04/2012 11:30:15 Dunkan paso a nivel 11 gano HP: 9
02/04/2012 11:30:15 Dunkan paso a nivel 12 gano HP: 8
02/04/2012 11:30:15 Dunkan paso a nivel 13 gano HP: 9
02/04/2012 11:30:15 Dunkan paso a nivel 14 gano HP: 6
02/04/2012 11:30:15 Dunkan paso a nivel 15 gano HP: 8
02/04/2012 11:30:15 Dunkan paso a nivel 16 gano HP: 6
02/04/2012 11:30:15 Dunkan paso a nivel 17 gano HP: 9
02/04/2012 11:30:15 Dunkan paso a nivel 18 gano HP: 7
02/04/2012 11:30:15 Dunkan paso a nivel 19 gano HP: 7
02/04/2012 11:30:15 Dunkan paso a nivel 20 gano HP: 9
02/04/2012 11:30:15 Dunkan paso a nivel 21 gano HP: 7
02/04/2012 11:30:15 Dunkan paso a nivel 22 gano HP: 8
02/04/2012 11:30:15 Dunkan paso a nivel 23 gano HP: 6
02/04/2012 11:30:15 Dunkan paso a nivel 24 gano HP: 8
02/04/2012 11:30:15 Dunkan paso a nivel 25 gano HP: 7
02/04/2012 11:30:15 Dunkan paso a nivel 26 gano HP: 9
02/04/2012 11:30:15 Dunkan paso a nivel 27 gano HP: 5
02/04/2012 11:30:15 Dunkan paso a nivel 28 gano HP: 9
02/04/2012 11:30:15 Dunkan paso a nivel 29 gano HP: 7
02/04/2012 11:30:15 Dunkan paso a nivel 30 gano HP: 5
02/04/2012 11:30:15 Dunkan paso a nivel 31 gano HP: 9
03/04/2012 14:31:21 Dunkan tira oro. Cercanos: Dunkan,
03/04/2012 14:49:02 Dunkan tira oro. Cercanos: Dunkan,
13/04/2012 17:09:08 Muerto paso a nivel 2 gano HP: 9
13/04/2012 22:35:56 Muerto paso a nivel 3 gano HP: 10
13/04/2012 22:35:57 Muerto paso a nivel 4 gano HP: 6
13/04/2012 22:35:57 Muerto paso a nivel 5 gano HP: 6
13/04/2012 22:35:57 Muerto paso a nivel 6 gano HP: 8
13/04/2012 22:35:57 Muerto paso a nivel 7 gano HP: 10
13/04/2012 22:35:57 Muerto paso a nivel 8 gano HP: 8
13/04/2012 22:35:57 Muerto paso a nivel 9 gano HP: 7
13/04/2012 22:35:57 Muerto paso a nivel 10 gano HP: 9
13/04/2012 22:35:57 Muerto paso a nivel 11 gano HP: 8
13/04/2012 22:35:57 Muerto paso a nivel 12 gano HP: 10
13/04/2012 22:35:57 Muerto paso a nivel 13 gano HP: 7
13/04/2012 22:35:57 Muerto paso a nivel 14 gano HP: 10
13/04/2012 22:35:57 Muerto paso a nivel 15 gano HP: 8
13/04/2012 22:35:57 Muerto paso a nivel 16 gano HP: 6
13/04/2012 22:35:57 Muerto paso a nivel 17 gano HP: 8
13/04/2012 22:35:57 Muerto paso a nivel 18 gano HP: 6
13/04/2012 22:35:57 Muerto paso a nivel 19 gano HP: 9
13/04/2012 22:35:57 Muerto paso a nivel 20 gano HP: 8
13/04/2012 22:35:57 Muerto paso a nivel 21 gano HP: 10
13/04/2012 22:35:57 Muerto paso a nivel 22 gano HP: 7
13/04/2012 22:35:57 Muerto paso a nivel 23 gano HP: 7
13/04/2012 22:35:57 Muerto paso a nivel 24 gano HP: 6
13/04/2012 22:35:57 Muerto paso a nivel 25 gano HP: 7
13/04/2012 22:35:57 Muerto paso a nivel 26 gano HP: 7
13/04/2012 22:35:57 Muerto paso a nivel 27 gano HP: 9
13/04/2012 22:35:57 Muerto paso a nivel 28 gano HP: 9
13/04/2012 22:35:57 Muerto paso a nivel 29 gano HP: 8
13/04/2012 22:35:57 Muerto paso a nivel 30 gano HP: 10
13/04/2012 22:35:57 Muerto paso a nivel 31 gano HP: 10
13/04/2012 22:35:57 Muerto paso a nivel 32 gano HP: 6
13/04/2012 22:35:57 Muerto paso a nivel 33 gano HP: 10
13/04/2012 22:35:57 Muerto paso a nivel 34 gano HP: 6
14/04/2012 3:10:35 Dunkan tiró al piso 9815 Poción Azul Mapa: 5 X: 28 Y: 86
14/04/2012 3:10:35 Dunkan tiró al piso 9642 Poción Roja Mapa: 5 X: 29 Y: 86
14/04/2012 3:10:35 Dunkan tira oro. Cercanos: Dunkan,
14/04/2012 3:10:48 Dunkan juntó del piso 9815 Poción Azul Mapa: 5 X: 28 Y: 86
14/04/2012 3:10:48 Dunkan juntó del piso 9642 Poción Roja Mapa: 5 X: 29 Y: 86
15/04/2012 0:06:14 Dunkan tiró al piso 9814 Poción Azul Mapa: 4 X: 15 Y: 18
15/04/2012 0:06:14 Dunkan tiró al piso 9542 Poción Roja Mapa: 4 X: 16 Y: 18
15/04/2012 0:06:18 Dunkan juntó del piso 9814 Poción Azul Mapa: 4 X: 15 Y: 18
15/04/2012 0:06:18 Dunkan juntó del piso 9542 Poción Roja Mapa: 4 X: 16 Y: 18
15/04/2012 2:05:34 Dunkan tiró al piso 9773 Poción Azul Mapa: 1 X: 56 Y: 46
15/04/2012 2:05:34 Dunkan tiró al piso 9632 Poción Roja Mapa: 1 X: 57 Y: 46
15/04/2012 2:05:47 Dunkan juntó del piso 9773 Poción Azul Mapa: 1 X: 56 Y: 46
15/04/2012 2:05:47 Dunkan juntó del piso 9632 Poción Roja Mapa: 1 X: 57 Y: 46
15/04/2012 2:06:03 Dunkan tiró al piso 9763 Poción Azul Mapa: 1 X: 57 Y: 50
15/04/2012 2:06:03 Dunkan tiró al piso 9616 Poción Roja Mapa: 1 X: 58 Y: 50
15/04/2012 2:06:09 Dunkan juntó del piso 9763 Poción Azul Mapa: 1 X: 57 Y: 50
15/04/2012 2:06:09 Dunkan juntó del piso 9616 Poción Roja Mapa: 1 X: 58 Y: 50
15/04/2012 2:08:13 Dunkan tiró al piso 9747 Poción Azul Mapa: 1 X: 56 Y: 48
15/04/2012 2:08:13 Dunkan tiró al piso 9612 Poción Roja Mapa: 1 X: 57 Y: 48
15/04/2012 2:08:36 Dunkan juntó del piso 9747 Poción Azul Mapa: 1 X: 56 Y: 48
15/04/2012 2:08:36 Dunkan juntó del piso 9612 Poción Roja Mapa: 1 X: 57 Y: 48
15/04/2012 2:10:45 Dunkan tiró al piso 9719 Poción Azul Mapa: 1 X: 67 Y: 48
15/04/2012 2:10:45 Dunkan tiró al piso 9561 Poción Roja Mapa: 1 X: 68 Y: 48
15/04/2012 2:10:49 Dunkan juntó del piso 9719 Poción Azul Mapa: 1 X: 67 Y: 48
15/04/2012 2:10:49 Dunkan juntó del piso 9561 Poción Roja Mapa: 1 X: 68 Y: 48
15/04/2012 2:48:25 Dunkan tiró al piso 9478 Poción Azul Mapa: 1 X: 64 Y: 38
15/04/2012 2:48:25 Dunkan tiró al piso 8488 Poción Roja Mapa: 1 X: 65 Y: 38
15/04/2012 2:48:30 Dunkan juntó del piso 9478 Poción Azul Mapa: 1 X: 64 Y: 38
15/04/2012 2:50:32 Dunkan tiró al piso 9421 Poción Azul Mapa: 1 X: 64 Y: 36
15/04/2012 2:50:32 Dunkan tiró al piso 8336 Poción Roja Mapa: 1 X: 65 Y: 36
15/04/2012 2:50:45 Dunkan juntó del piso 9421 Poción Azul Mapa: 1 X: 64 Y: 36
15/04/2012 2:54:52 Dunkan tiró al piso 9407 Poción Azul Mapa: 1 X: 55 Y: 41
15/04/2012 2:54:52 Dunkan tiró al piso 8178 Poción Roja Mapa: 1 X: 56 Y: 41
15/04/2012 2:54:57 Dunkan juntó del piso 9407 Poción Azul Mapa: 1 X: 55 Y: 41
15/04/2012 2:55:32 Dunkan tiró al piso 9385 Poción Azul Mapa: 1 X: 73 Y: 37
15/04/2012 2:55:32 Dunkan tiró al piso 8163 Poción Roja Mapa: 1 X: 75 Y: 37
15/04/2012 2:56:20 Dunkan juntó del piso 9385 Poción Azul Mapa: 1 X: 73 Y: 37
15/04/2012 2:56:21 Dunkan tiró al piso 9385 Poción Azul Mapa: 1 X: 72 Y: 36
15/04/2012 2:57:10 Dunkan tiró al piso 8156 Poción Roja Mapa: 1 X: 71 Y: 33
15/04/2012 3:17:15 Dunkan tiró al piso 9964 Poción Azul Mapa: 1 X: 60 Y: 49
15/04/2012 3:17:15 Dunkan tiró al piso 9488 Poción Roja Mapa: 1 X: 61 Y: 49
15/04/2012 3:17:15 Dunkan tiró al piso 9997 Poción Amarilla Mapa: 1 X: 62 Y: 49
15/04/2012 3:17:27 Dunkan juntó del piso 9488 Poción Roja Mapa: 1 X: 61 Y: 49
15/04/2012 3:17:28 Dunkan juntó del piso 9997 Poción Amarilla Mapa: 1 X: 62 Y: 49
15/04/2012 3:17:29 Dunkan tiró al piso 9485 Poción Roja Mapa: 1 X: 63 Y: 45
15/04/2012 3:17:29 Dunkan tiró al piso 9996 Poción Amarilla Mapa: 1 X: 64 Y: 45
15/04/2012 3:17:38 Dunkan juntó del piso 9485 Poción Roja Mapa: 1 X: 63 Y: 45
15/04/2012 3:17:40 Dunkan juntó del piso 9996 Poción Amarilla Mapa: 1 X: 64 Y: 45
15/04/2012 3:17:42 Dunkan juntó del piso 9964 Poción Azul Mapa: 1 X: 60 Y: 49
15/04/2012 3:17:49 Dunkan tiró al piso 9964 Poción Azul Mapa: 1 X: 59 Y: 49
15/04/2012 3:17:49 Dunkan tiró al piso 9485 Poción Roja Mapa: 1 X: 60 Y: 49
15/04/2012 3:17:49 Dunkan tiró al piso 9996 Poción Amarilla Mapa: 1 X: 61 Y: 49
15/04/2012 3:17:53 Dunkan juntó del piso 9964 Poción Azul Mapa: 1 X: 59 Y: 49
15/04/2012 3:18:10 Dunkan tiró al piso 9964 Poción Azul Mapa: 1 X: 59 Y: 48
15/04/2012 4:27:31 Dunkan compró del NPC 1000 Poción Azul
15/04/2012 4:27:31 Dunkan compró del NPC 1000 Poción Azul
15/04/2012 4:27:32 Dunkan compró del NPC 1000 Poción Roja
15/04/2012 4:27:32 Dunkan compró del NPC 1000 Poción Roja
15/04/2012 9:26:58 Dunkan compró del NPC 1000 Poción Azul
15/04/2012 9:26:58 Dunkan compró del NPC 1000 Poción Azul
15/04/2012 9:26:58 Dunkan compró del NPC 1000 Poción Azul
15/04/2012 9:26:58 Dunkan compró del NPC 1000 Poción Azul
15/04/2012 9:26:58 Dunkan compró del NPC 1000 Poción Azul
15/04/2012 9:26:58 Dunkan compró del NPC 1000 Poción Azul
15/04/2012 9:27:01 Dunkan compró del NPC 1000 Poción Roja
15/04/2012 9:27:01 Dunkan compró del NPC 1000 Poción Roja
15/04/2012 9:27:01 Dunkan compró del NPC 1000 Poción Roja
15/04/2012 9:27:01 Dunkan compró del NPC 1000 Poción Roja
15/04/2012 9:27:02 Dunkan compró del NPC 1000 Poción Roja
15/04/2012 19:50:38 Dunkan tiró al piso 7001 Poción Azul Mapa: 2 X: 37 Y: 56
15/04/2012 19:50:38 Dunkan tiró al piso 5888 Poción Roja Mapa: 2 X: 38 Y: 56
15/04/2012 19:54:54 Dunkan tiró al piso 6950 Poción Azul Mapa: 1 X: 62 Y: 44
15/04/2012 19:54:54 Dunkan tiró al piso 5585 Poción Roja Mapa: 1 X: 64 Y: 44
15/04/2012 19:57:14 Dunkan tiró al piso 5563 Poción Roja Mapa: 1 X: 52 Y: 46
15/04/2012 19:57:14 Dunkan tiró al piso 6923 Poción Azul Mapa: 1 X: 54 Y: 46
15/04/2012 19:57:35 Dunkan tiró al piso 9232 Poción Azul Mapa: 1 X: 55 Y: 46
15/04/2012 19:57:41 Dunkan juntó del piso 9232 Poción Azul Mapa: 1 X: 55 Y: 46
15/04/2012 19:58:15 Dunkan tiró al piso 9222 Poción Azul Mapa: 1 X: 57 Y: 44
15/04/2012 19:58:21 Dunkan juntó del piso 9222 Poción Azul Mapa: 1 X: 57 Y: 44
15/04/2012 19:59:00 Dunkan tiró al piso 9218 Poción Azul Mapa: 1 X: 62 Y: 43
15/04/2012 19:59:03 Dunkan juntó del piso 9218 Poción Azul Mapa: 1 X: 62 Y: 43
15/04/2012 19:59:23 Dunkan tiró al piso 9212 Poción Azul Mapa: 1 X: 59 Y: 52
15/04/2012 19:59:27 Dunkan juntó del piso 9212 Poción Azul Mapa: 1 X: 59 Y: 52
15/04/2012 20:01:41 Dunkan tiró al piso 9163 Poción Azul Mapa: 1 X: 63 Y: 42
15/04/2012 20:01:49 Dunkan juntó del piso 9163 Poción Azul Mapa: 1 X: 63 Y: 42
15/04/2012 20:02:22 Dunkan tiró al piso 9161 Poción Azul Mapa: 1 X: 59 Y: 48
15/04/2012 20:02:49 Dunkan juntó del piso 9161 Poción Azul Mapa: 1 X: 59 Y: 48
15/04/2012 20:03:48 Dunkan tiró al piso 9867 Poción Azul Mapa: 1 X: 59 Y: 48
15/04/2012 20:03:50 Dunkan juntó del piso 9867 Poción Azul Mapa: 1 X: 59 Y: 48
15/04/2012 20:06:22 Dunkan tiró al piso 9854 Poción Azul Mapa: 1 X: 55 Y: 62
15/04/2012 20:06:38 Dunkan juntó del piso 9854 Poción Azul Mapa: 1 X: 55 Y: 62
15/04/2012 20:06:54 Dunkan tiró al piso 9841 Poción Azul Mapa: 1 X: 56 Y: 61
15/04/2012 20:07:02 Dunkan juntó del piso 9841 Poción Azul Mapa: 1 X: 56 Y: 61
15/04/2012 20:07:23 Dunkan tiró al piso 9837 Poción Azul Mapa: 2 X: 40 Y: 49
15/04/2012 20:10:01 Dunkan compró del NPC 1000 Poción Azul
15/04/2012 20:10:10 Dunkan compró del NPC 1000 Poción Roja
15/04/2012 22:09:23 Dunkan compró del NPC 1000 Poción Roja
15/04/2012 22:09:24 Dunkan compró del NPC 1000 Poción Roja
15/04/2012 22:09:25 Dunkan compró del NPC 1000 Poción Azul
15/04/2012 22:09:25 Dunkan compró del NPC 1000 Poción Azul
15/04/2012 22:13:53 Dunkan compró del NPC 1000 Poción Azul
15/04/2012 22:13:53 Dunkan compró del NPC 1000 Poción Azul
15/04/2012 22:13:53 Dunkan compró del NPC 1000 Poción Azul
15/04/2012 22:13:54 Dunkan compró del NPC 1000 Poción Roja
15/04/2012 22:13:54 Dunkan compró del NPC 1000 Poción Roja
16/04/2012 22:28:50 Dunkan compró del NPC 1000 Poción Azul
16/04/2012 22:28:50 Dunkan compró del NPC 1000 Poción Azul
16/04/2012 22:28:52 Dunkan compró del NPC 1000 Poción Roja
18/04/2012 21:38:00 Dunkan paso a nivel 34 gano HP: 5
18/04/2012 21:38:00 Dunkan paso a nivel 35 gano HP: 5
18/04/2012 21:38:00 Dunkan paso a nivel 36 gano HP: 4
18/04/2012 21:39:45 Dunkan paso a nivel 37 gano HP: 8
18/04/2012 21:39:45 Dunkan paso a nivel 38 gano HP: 4
18/04/2012 21:42:11 Dunkan paso a nivel 39 gano HP: 5
18/04/2012 21:43:53 Dunkan paso a nivel 40 gano HP: 9
18/04/2012 21:46:06 Dunkan paso a nivel 41 gano HP: 7
18/04/2012 21:47:44 Dunkan paso a nivel 42 gano HP: 5
18/04/2012 21:48:11 Dunkan paso a nivel 43 gano HP: 5
18/04/2012 21:48:48 Dunkan paso a nivel 44 gano HP: 9
18/04/2012 21:49:35 Dunkan paso a nivel 45 gano HP: 9
18/04/2012 21:50:33 Dunkan paso a nivel 2 gano HP: 8
18/04/2012 21:52:00  paso a nivel 0 gano HP: 9
18/04/2012 21:52:44 Dunkan paso a nivel 4 gano HP: 9
18/04/2012 21:53:34 Dunkan paso a nivel 5 gano HP: 9
18/04/2012 22:31:44 Dunkan paso a nivel 4 gano HP: 8
18/04/2012 22:41:50 Dunkan paso a nivel 4 gano HP: 8
18/04/2012 22:41:50 Dunkan paso a nivel 5 gano HP: 7
18/04/2012 22:41:50 Dunkan paso a nivel 6 gano HP: 9
18/04/2012 22:41:50 Dunkan paso a nivel 7 gano HP: 7
18/04/2012 22:41:50 Dunkan paso a nivel 8 gano HP: 9
18/04/2012 22:41:50 Dunkan paso a nivel 9 gano HP: 7
18/04/2012 22:41:50 Dunkan paso a nivel 10 gano HP: 7
18/04/2012 22:41:50 Dunkan paso a nivel 11 gano HP: 9
18/04/2012 22:41:50 Dunkan paso a nivel 12 gano HP: 5
18/04/2012 22:41:50 Dunkan paso a nivel 13 gano HP: 6
18/04/2012 22:41:50 Dunkan paso a nivel 14 gano HP: 7
18/04/2012 22:41:50 Dunkan paso a nivel 15 gano HP: 8
18/04/2012 22:41:50 Dunkan paso a nivel 16 gano HP: 9
18/04/2012 22:41:50 Dunkan paso a nivel 17 gano HP: 6
18/04/2012 22:41:50 Dunkan paso a nivel 18 gano HP: 7
18/04/2012 22:41:50 Dunkan paso a nivel 19 gano HP: 6
18/04/2012 22:41:50 Dunkan paso a nivel 20 gano HP: 7
18/04/2012 22:41:50 Dunkan paso a nivel 21 gano HP: 6
18/04/2012 22:41:50 Dunkan paso a nivel 22 gano HP: 9
18/04/2012 22:41:50 Dunkan paso a nivel 23 gano HP: 9
18/04/2012 22:43:15 Dunkan paso a nivel 24 gano HP: 8
18/04/2012 22:43:58 Muerto paso a nivel 35 gano HP: 9
18/04/2012 22:44:56 Muerto paso a nivel 36 gano HP: 5
18/04/2012 22:44:56 Muerto paso a nivel 37 gano HP: 9
18/04/2012 22:44:56 Muerto paso a nivel 38 gano HP: 5
18/04/2012 23:23:20 Dunkan paso a nivel 25 gano HP: 5
