25/01/2012 12:29:52 server iniciado 0.13.0
25/01/2012 15:37:03 server iniciado 0.13.0
25/01/2012 15:42:34 server cerrado.
25/01/2012 15:42:52 server iniciado 0.13.0
25/01/2012 10:27:50 server iniciado 0.13.0
26/01/2012 13:04:28 server iniciado 0.13.0
27/01/2012 3:59:19 server iniciado 0.13.0
27/01/2012 4:13:31 server iniciado 0.13.0
27/01/2012 4:14:34 server cerrado.
27/01/2012 4:14:47 server iniciado 0.13.0
27/01/2012 4:20:42 server cerrado.
27/01/2012 4:22:21 server iniciado 0.13.0
27/01/2012 4:27:42 server cerrado.
27/01/2012 4:35:30 server iniciado 0.13.0
27/01/2012 19:22:57 server iniciado 0.13.0
27/01/2012 19:25:59 server iniciado 0.13.0
27/01/2012 21:21:17 server iniciado 0.13.0
27/01/2012 21:35:01 server cerrado.
27/01/2012 21:35:14 server iniciado 0.13.0
27/01/2012 22:11:34 server iniciado 0.13.0
29/01/2012 11:49:48 server iniciado 0.13.0
29/01/2012 12:55:39 server cerrado.
31/01/2012 21:45:55 server iniciado 0.13.0
31/01/2012 23:05:15 server iniciado 0.13.0
31/01/2012 23:06:32 server cerrado.
01/02/2012 0:07:25 server iniciado 0.13.0
01/02/2012 0:08:49 server cerrado.
01/02/2012 0:08:59 server cerrado.
01/02/2012 8:57:47 server iniciado 0.13.0
01/02/2012 8:58:28 server cerrado.
02/02/2012 0:55:41 server iniciado 0.13.0
02/02/2012 0:58:28 server cerrado.
02/02/2012 9:22:07 server iniciado 0.13.0
02/02/2012 16:45:03 server iniciado 0.13.0
02/02/2012 16:53:23 server iniciado 0.13.0
02/02/2012 16:55:17 server iniciado 0.13.0
02/02/2012 16:55:18 server cerrado.
02/02/2012 16:55:22 server cerrado.
02/02/2012 16:56:12 server iniciado 0.13.0
02/02/2012 17:40:29 server iniciado 0.13.0
02/02/2012 17:52:14 server cerrado.
02/02/2012 17:53:58 server iniciado 0.13.0
02/02/2012 20:19:10 server cerrado.
02/02/2012 20:45:08 server cerrado.
02/02/2012 21:34:40 server iniciado 0.13.0
02/02/2012 21:35:01 server cerrado.
02/02/2012 21:35:24 server iniciado 0.13.0
02/02/2012 21:46:04 server cerrado.
02/02/2012 21:46:28 server iniciado 0.13.0
02/02/2012 21:46:42 server cerrado.
02/02/2012 21:47:11 server iniciado 0.13.0
02/02/2012 21:47:15 server cerrado.
02/02/2012 21:53:28 server cerrado.
02/02/2012 21:53:38 server iniciado 0.13.0
02/02/2012 21:54:12 server iniciado 0.13.0
02/02/2012 21:54:16 server cerrado.
02/02/2012 23:22:30 server iniciado 0.13.0
02/02/2012 23:23:08 server cerrado.
02/02/2012 23:25:50 server iniciado 0.13.0
02/02/2012 23:26:18 server cerrado.
03/02/2012 0:50:06 server iniciado 0.13.0
03/02/2012 0:52:09 server cerrado.
03/02/2012 0:52:30 server iniciado 0.13.0
03/02/2012 0:57:03 server cerrado.
03/02/2012 0:57:23 server iniciado 0.13.0
03/02/2012 0:57:38 server cerrado.
03/02/2012 13:04:44 server iniciado 0.13.0
03/02/2012 13:21:06 server cerrado.
03/02/2012 13:22:05 server iniciado 0.13.0
03/02/2012 13:22:15 server cerrado.
03/02/2012 13:23:03 server iniciado 0.13.0
03/02/2012 13:23:54 server cerrado.
03/02/2012 13:25:28 server iniciado 0.13.0
03/02/2012 13:25:39 server cerrado.
03/02/2012 16:00:47 server iniciado 0.13.0
03/02/2012 23:30:10 server iniciado 0.13.0
03/02/2012 23:30:23 server cerrado.
03/02/2012 23:32:22 server iniciado 0.13.0
03/02/2012 23:32:41 server cerrado.
04/02/2012 9:49:19 server iniciado 0.13.0
04/02/2012 9:49:21 server cerrado.
04/02/2012 12:43:15 server iniciado 0.13.0
04/02/2012 12:43:57 server cerrado.
04/02/2012 17:02:53 server iniciado 0.13.0
04/02/2012 17:03:17 server cerrado.
04/02/2012 17:57:38 server iniciado 0.13.0
04/02/2012 17:58:54 server cerrado.
04/02/2012 18:00:12 server iniciado 0.13.0
04/02/2012 18:05:00 server cerrado.
04/02/2012 18:05:43 server iniciado 0.13.0
04/02/2012 18:05:45 server cerrado.
04/02/2012 18:06:09 server iniciado 0.13.0
04/02/2012 18:06:41 server cerrado.
04/02/2012 18:07:52 server iniciado 0.13.0
04/02/2012 18:07:55 server cerrado.
04/02/2012 18:07:32 server iniciado 0.13.0
04/02/2012 18:10:30 server cerrado.
04/02/2012 18:11:37 server iniciado 0.13.0
04/02/2012 18:16:18 server cerrado.
04/02/2012 18:19:57 server iniciado 0.13.0
04/02/2012 18:20:00 server cerrado.
09/02/2012 13:07:22 server iniciado 0.13.0
02/04/2012 10:55:37 server iniciado 0.13.0
02/04/2012 10:56:06 server cerrado.
02/04/2012 10:56:40 server iniciado 0.13.0
02/04/2012 10:57:19 server cerrado.
02/04/2012 10:57:32 server iniciado 0.13.0
02/04/2012 14:28:02 server iniciado 0.13.0
02/04/2012 21:03:14 server cerrado.
03/04/2012 0:44:15 server iniciado 0.13.0
03/04/2012 0:48:00 server cerrado.
03/04/2012 0:59:00 server iniciado 0.13.0
03/04/2012 0:59:51 server cerrado.
03/04/2012 1:09:37 server iniciado 0.13.0
03/04/2012 1:09:49 server cerrado.
03/04/2012 1:14:58 server iniciado 0.13.0
03/04/2012 1:20:30 server iniciado 0.13.0
03/04/2012 1:22:32 server iniciado 0.13.0
03/04/2012 1:31:42 server iniciado 0.13.0
03/04/2012 1:37:17 server iniciado 0.13.0
03/04/2012 1:38:31 server cerrado.
03/04/2012 1:38:38 server iniciado 0.13.0
03/04/2012 1:39:22 server cerrado.
03/04/2012 1:39:44 server iniciado 0.13.0
03/04/2012 1:40:17 server cerrado.
03/04/2012 1:42:57 server iniciado 0.13.0
03/04/2012 1:57:52 server cerrado.
03/04/2012 3:49:13 server iniciado 0.13.0
03/04/2012 14:29:07 server iniciado 0.13.0
03/04/2012 14:30:19 server cerrado.
03/04/2012 14:30:30 server iniciado 0.13.0
03/04/2012 17:03:48 server iniciado 0.13.0
03/04/2012 21:53:13 server iniciado 0.13.0
03/04/2012 22:04:04 server cerrado.
03/04/2012 22:04:15 server iniciado 0.13.0
03/04/2012 22:07:53 server cerrado.
03/04/2012 22:08:02 server iniciado 0.13.0
03/04/2012 22:11:23 server iniciado 0.13.0
03/04/2012 23:28:30 server cerrado.
04/04/2012 8:29:55 server iniciado 0.13.0
04/04/2012 11:54:05 server cerrado.
04/04/2012 11:56:30 server iniciado 0.13.0
04/04/2012 11:58:32 server iniciado 0.13.0
04/04/2012 12:03:40 server cerrado.
04/04/2012 12:04:02 server iniciado 0.13.0
04/04/2012 12:40:39 server cerrado.
04/04/2012 17:22:40 server iniciado 0.13.0
04/04/2012 20:01:32 server cerrado.
04/04/2012 20:02:11 server iniciado 0.13.0
04/04/2012 20:03:19 server cerrado.
04/04/2012 20:04:20 server iniciado 0.13.0
04/04/2012 22:33:28 server iniciado 0.13.0
04/04/2012 23:56:56 server cerrado.
04/04/2012 23:57:00 server cerrado.
05/04/2012 21:35:51 server iniciado 0.13.0
05/04/2012 21:43:33 server cerrado.
13/04/2012 15:31:30 server iniciado 0.13.0
13/04/2012 15:31:51 server cerrado.
13/04/2012 16:13:42 server iniciado 0.13.0
13/04/2012 16:14:57 server cerrado.
13/04/2012 16:23:16 server iniciado 0.13.0
13/04/2012 16:25:07 server cerrado.
13/04/2012 16:36:23 server iniciado 0.13.0
13/04/2012 16:37:51 server cerrado.
13/04/2012 16:41:06 server iniciado 0.13.0
13/04/2012 16:51:15 server cerrado.
13/04/2012 16:52:42 server iniciado 0.13.0
13/04/2012 16:53:43 server cerrado.
13/04/2012 16:59:48 server iniciado 0.13.0
13/04/2012 17:02:43 server cerrado.
13/04/2012 17:06:05 server iniciado 0.13.0
13/04/2012 17:18:29 server cerrado.
13/04/2012 17:25:14 server iniciado 0.13.0
13/04/2012 18:07:13 server cerrado.
13/04/2012 19:00:27 server iniciado 0.13.0
13/04/2012 19:01:03 server cerrado.
13/04/2012 19:27:43 server iniciado 0.13.0
13/04/2012 19:34:03 server cerrado.
13/04/2012 19:35:25 server iniciado 0.13.0
13/04/2012 19:39:00 server cerrado.
13/04/2012 22:35:34 server iniciado 0.13.0
13/04/2012 22:37:21 server cerrado.
13/04/2012 22:54:14 server iniciado 0.13.0
13/04/2012 22:56:51 server cerrado.
13/04/2012 22:57:49 server iniciado 0.13.0
13/04/2012 23:05:37 server cerrado.
13/04/2012 23:05:44 server iniciado 0.13.0
13/04/2012 23:07:07 server cerrado.
13/04/2012 23:09:48 server iniciado 0.13.0
13/04/2012 23:12:43 server cerrado.
13/04/2012 23:12:47 server iniciado 0.13.0
13/04/2012 23:13:38 server cerrado.
13/04/2012 23:18:17 server iniciado 0.13.0
13/04/2012 23:19:27 server cerrado.
13/04/2012 23:22:01 server iniciado 0.13.0
13/04/2012 23:22:39 server cerrado.
13/04/2012 23:23:30 server iniciado 0.13.0
13/04/2012 23:24:17 server cerrado.
13/04/2012 23:24:40 server iniciado 0.13.0
13/04/2012 23:36:53 server cerrado.
13/04/2012 23:44:01 server iniciado 0.13.0
13/04/2012 23:45:23 server cerrado.
13/04/2012 23:48:46 server iniciado 0.13.0
13/04/2012 23:55:00 server cerrado.
13/04/2012 23:58:09 server iniciado 0.13.0
13/04/2012 23:58:51 server cerrado.
13/04/2012 23:59:10 server iniciado 0.13.0
14/04/2012 0:04:21 server cerrado.
14/04/2012 0:10:28 server iniciado 0.13.0
14/04/2012 0:11:17 server cerrado.
14/04/2012 0:12:10 server iniciado 0.13.0
14/04/2012 0:17:38 server cerrado.
14/04/2012 0:25:21 server iniciado 0.13.0
14/04/2012 0:59:40 server iniciado 0.13.0
14/04/2012 1:00:09 server cerrado.
14/04/2012 1:00:33 server iniciado 0.13.0
14/04/2012 1:01:24 server cerrado.
14/04/2012 1:01:28 server iniciado 0.13.0
14/04/2012 1:02:13 server cerrado.
14/04/2012 1:03:53 server iniciado 0.13.0
14/04/2012 1:04:50 server cerrado.
14/04/2012 1:06:43 server iniciado 0.13.0
14/04/2012 1:09:47 server cerrado.
14/04/2012 1:10:53 server iniciado 0.13.0
14/04/2012 1:13:42 server cerrado.
14/04/2012 1:13:47 server iniciado 0.13.0
14/04/2012 1:15:01 server cerrado.
14/04/2012 1:16:49 server iniciado 0.13.0
14/04/2012 1:19:38 server cerrado.
14/04/2012 1:19:52 server iniciado 0.13.0
14/04/2012 1:23:12 server cerrado.
14/04/2012 1:27:56 server iniciado 0.13.0
14/04/2012 1:30:50 server cerrado.
14/04/2012 1:51:51 server iniciado 0.13.0
14/04/2012 1:52:56 server cerrado.
14/04/2012 1:55:47 server iniciado 0.13.0
14/04/2012 1:58:39 server cerrado.
14/04/2012 2:02:54 server iniciado 0.13.0
14/04/2012 2:10:07 server cerrado.
14/04/2012 2:12:52 server iniciado 0.13.0
14/04/2012 2:17:15 server cerrado.
14/04/2012 2:17:23 server iniciado 0.13.0
14/04/2012 2:19:46 server cerrado.
14/04/2012 2:19:53 server iniciado 0.13.0
14/04/2012 2:22:25 server cerrado.
14/04/2012 2:28:14 server iniciado 0.13.0
14/04/2012 2:29:54 server cerrado.
14/04/2012 2:30:03 server iniciado 0.13.0
14/04/2012 2:31:39 server cerrado.
14/04/2012 2:32:17 server iniciado 0.13.0
14/04/2012 2:35:18 server cerrado.
14/04/2012 2:57:00 server iniciado 0.13.0
14/04/2012 2:59:34 server cerrado.
14/04/2012 3:00:08 server iniciado 0.13.0
14/04/2012 3:08:41 server iniciado 0.13.0
14/04/2012 3:08:53 server cerrado.
14/04/2012 3:09:21 server iniciado 0.13.0
14/04/2012 3:11:24 server cerrado.
14/04/2012 3:12:46 server iniciado 0.13.0
14/04/2012 3:18:15 server cerrado.
14/04/2012 6:56:50 server iniciado 0.13.0
14/04/2012 6:57:17 server cerrado.
14/04/2012 6:57:58 server iniciado 0.13.0
14/04/2012 6:58:23 server cerrado.
14/04/2012 6:58:46 server iniciado 0.13.0
14/04/2012 6:59:05 server cerrado.
14/04/2012 7:00:04 server iniciado 0.13.0
14/04/2012 7:00:51 server cerrado.
14/04/2012 7:01:44 server iniciado 0.13.0
14/04/2012 7:03:44 server cerrado.
14/04/2012 7:03:54 server iniciado 0.13.0
14/04/2012 7:07:26 server cerrado.
14/04/2012 7:10:13 server iniciado 0.13.0
14/04/2012 7:11:46 server cerrado.
14/04/2012 22:23:13 server iniciado 0.13.0
14/04/2012 22:23:16 server cerrado.
14/04/2012 22:24:47 server iniciado 0.13.0
14/04/2012 22:25:05 server cerrado.
14/04/2012 22:29:08 server iniciado 0.13.0
14/04/2012 22:29:12 server cerrado.
14/04/2012 22:37:14 server iniciado 0.13.0
14/04/2012 22:38:18 server cerrado.
14/04/2012 22:38:39 server iniciado 0.13.0
14/04/2012 22:41:08 server cerrado.
14/04/2012 22:41:58 server iniciado 0.13.0
14/04/2012 22:43:30 server cerrado.
14/04/2012 22:47:22 server iniciado 0.13.0
14/04/2012 22:51:50 server cerrado.
15/04/2012 0:01:47 server iniciado 0.13.0
15/04/2012 0:02:37 server cerrado.
15/04/2012 0:03:10 server iniciado 0.13.0
15/04/2012 0:09:46 server iniciado 0.13.0
15/04/2012 0:10:31 server cerrado.
15/04/2012 0:10:39 server iniciado 0.13.0
15/04/2012 0:11:33 server cerrado.
15/04/2012 0:28:33 server iniciado 0.13.0
15/04/2012 0:30:06 server cerrado.
15/04/2012 0:30:43 server iniciado 0.13.0
15/04/2012 0:33:59 server iniciado 0.13.0
15/04/2012 0:37:17 server iniciado 0.13.0
15/04/2012 0:38:02 server iniciado 0.13.0
15/04/2012 0:42:24 server cerrado.
15/04/2012 0:42:38 server iniciado 0.13.0
15/04/2012 0:45:46 server cerrado.
15/04/2012 0:45:59 server iniciado 0.13.0
15/04/2012 0:47:59 server cerrado.
15/04/2012 0:50:03 server iniciado 0.13.0
15/04/2012 0:52:33 server iniciado 0.13.0
15/04/2012 0:54:40 server iniciado 0.13.0
15/04/2012 0:55:52 server cerrado.
15/04/2012 2:05:12 server iniciado 0.13.0
15/04/2012 2:11:30 server cerrado.
15/04/2012 2:14:14 server iniciado 0.13.0
15/04/2012 2:18:29 server iniciado 0.13.0
15/04/2012 2:20:56 server cerrado.
15/04/2012 2:33:19 server iniciado 0.13.0
15/04/2012 2:57:21 server cerrado.
15/04/2012 2:58:11 server iniciado 0.13.0
15/04/2012 3:03:59 server cerrado.
15/04/2012 3:04:57 server iniciado 0.13.0
15/04/2012 3:05:35 server cerrado.
15/04/2012 3:07:45 server iniciado 0.13.0
15/04/2012 3:08:05 server cerrado.
15/04/2012 3:09:45 server iniciado 0.13.0
15/04/2012 3:12:30 server cerrado.
15/04/2012 3:14:08 server iniciado 0.13.0
15/04/2012 3:18:16 server cerrado.
15/04/2012 3:18:24 server iniciado 0.13.0
15/04/2012 3:18:52 server cerrado.
15/04/2012 3:23:37 server iniciado 0.13.0
15/04/2012 3:28:48 server iniciado 0.13.0
15/04/2012 3:29:05 server cerrado.
15/04/2012 3:29:33 server iniciado 0.13.0
15/04/2012 3:30:07 server cerrado.
15/04/2012 3:31:41 server iniciado 0.13.0
15/04/2012 3:37:03 server cerrado.
15/04/2012 3:39:54 server iniciado 0.13.0
15/04/2012 3:44:21 server cerrado.
15/04/2012 3:53:04 server iniciado 0.13.0
15/04/2012 3:55:35 server cerrado.
15/04/2012 3:59:02 server iniciado 0.13.0
15/04/2012 4:01:25 server cerrado.
15/04/2012 4:07:11 server iniciado 0.13.0
15/04/2012 4:21:26 server cerrado.
15/04/2012 4:21:57 server iniciado 0.13.0
15/04/2012 4:25:30 server cerrado.
15/04/2012 4:27:14 server iniciado 0.13.0
15/04/2012 4:36:06 server cerrado.
15/04/2012 8:21:38 server iniciado 0.13.0
15/04/2012 8:24:03 server cerrado.
15/04/2012 8:29:05 server iniciado 0.13.0
15/04/2012 8:30:06 server cerrado.
15/04/2012 8:30:31 server iniciado 0.13.0
15/04/2012 8:30:54 server cerrado.
15/04/2012 8:31:57 server iniciado 0.13.0
15/04/2012 8:32:33 server cerrado.
15/04/2012 8:41:31 server iniciado 0.13.0
15/04/2012 8:47:38 server cerrado.
15/04/2012 8:57:40 server iniciado 0.13.0
15/04/2012 8:57:59 server cerrado.
15/04/2012 8:58:52 server iniciado 0.13.0
15/04/2012 8:59:33 server cerrado.
15/04/2012 9:01:09 server iniciado 0.13.0
15/04/2012 9:04:37 server cerrado.
15/04/2012 9:07:45 server iniciado 0.13.0
15/04/2012 9:08:03 server cerrado.
15/04/2012 9:12:16 server iniciado 0.13.0
15/04/2012 9:13:10 server cerrado.
15/04/2012 9:13:33 server iniciado 0.13.0
15/04/2012 9:16:53 server cerrado.
15/04/2012 9:17:12 server iniciado 0.13.0
15/04/2012 9:25:54 server cerrado.
15/04/2012 9:26:21 server iniciado 0.13.0
15/04/2012 9:27:51 server cerrado.
15/04/2012 9:32:58 server iniciado 0.13.0
15/04/2012 9:34:19 server cerrado.
15/04/2012 9:56:26 server iniciado 0.13.0
15/04/2012 10:06:47 server iniciado 0.13.0
15/04/2012 10:09:56 server cerrado.
15/04/2012 10:10:44 server iniciado 0.13.0
15/04/2012 10:11:57 server cerrado.
15/04/2012 10:13:51 server iniciado 0.13.0
15/04/2012 10:14:36 server cerrado.
15/04/2012 19:48:11 server iniciado 0.13.0
15/04/2012 20:07:33 server cerrado.
15/04/2012 20:09:38 server iniciado 0.13.0
15/04/2012 20:14:39 server cerrado.
15/04/2012 20:16:12 server iniciado 0.13.0
15/04/2012 20:41:28 server cerrado.
15/04/2012 21:08:43 server iniciado 0.13.0
15/04/2012 22:13:23 server cerrado.
15/04/2012 22:13:34 server iniciado 0.13.0
16/04/2012 2:25:34 server iniciado 0.13.0
16/04/2012 2:25:39 server cerrado.
16/04/2012 2:27:12 server iniciado 0.13.0
16/04/2012 2:27:20 server cerrado.
16/04/2012 2:27:54 server iniciado 0.13.0
16/04/2012 2:28:00 server cerrado.
16/04/2012 2:28:46 server iniciado 0.13.0
16/04/2012 21:23:17 server iniciado 0.13.0
16/04/2012 21:40:20 server cerrado.
16/04/2012 21:45:04 server iniciado 0.13.0
16/04/2012 21:53:44 server cerrado.
16/04/2012 21:55:18 server iniciado 0.13.0
16/04/2012 21:56:16 server cerrado.
16/04/2012 22:13:32 server iniciado 0.13.0
16/04/2012 22:14:30 server cerrado.
16/04/2012 22:16:10 server iniciado 0.13.0
16/04/2012 22:18:42 server cerrado.
16/04/2012 22:19:45 server iniciado 0.13.0
16/04/2012 22:22:32 server cerrado.
16/04/2012 22:23:59 server iniciado 0.13.0
16/04/2012 23:00:41 server cerrado.
18/04/2012 21:37:34 server iniciado 0.13.0
18/04/2012 22:31:33 server iniciado 0.13.0
18/04/2012 22:32:20 server cerrado.
18/04/2012 22:41:38 server iniciado 0.13.0
18/04/2012 22:42:21 server cerrado.
18/04/2012 22:42:54 server iniciado 0.13.0
18/04/2012 22:45:10 server cerrado.
18/04/2012 22:49:20 server iniciado 0.13.0
18/04/2012 22:50:39 server cerrado.
18/04/2012 23:08:09 server iniciado 0.13.0
18/04/2012 23:23:49 server cerrado.
18/04/2012 23:23:59 server iniciado 0.13.0
26/04/2012 6:15:33 server iniciado 0.13.0
26/04/2012 6:18:20 server iniciado 0.13.0
26/04/2012 7:53:25 server iniciado 0.13.0
26/04/2012 7:55:35 server iniciado 0.13.0
26/04/2012 7:56:14 server cerrado.
26/04/2012 7:56:48 server iniciado 0.13.0
26/04/2012 7:58:04 server iniciado 0.13.0
26/04/2012 7:59:49 server iniciado 0.13.0
26/04/2012 8:03:55 server iniciado 0.13.0
26/04/2012 8:10:13 server cerrado.
26/04/2012 10:12:29 server iniciado 0.13.0
26/04/2012 19:27:52 server iniciado 0.13.0
27/04/2012 4:00:28 server iniciado 0.13.0
27/04/2012 4:01:17 server cerrado.
27/04/2012 10:51:20 p.m. server iniciado 0.13.0
27/04/2012 10:51:23 p.m. server cerrado.
27/04/2012 10:57:38 p.m. server iniciado 0.13.0
27/04/2012 11:48:28 p.m. server cerrado.
28/04/2012 12:08:44 a.m. server iniciado 0.13.0
28/04/2012 12:15:12 a.m. server cerrado.
28/04/2012 12:34:20 a.m. server iniciado 0.13.0
28/04/2012 12:47:37 a.m. server cerrado.
28/04/2012 23:35:45 server iniciado 0.13.0
29/04/2012 12:47:05 a.m. server iniciado 0.13.0
29/04/2012 3:11:28 server iniciado 0.13.0
29/04/2012 3:24:40 server cerrado.
29/04/2012 21:30:31 server iniciado 0.13.0
29/04/2012 21:31:08 server cerrado.
29/04/2012 21:31:42 server iniciado 0.13.0
29/04/2012 21:44:10 server cerrado.
29/04/2012 21:53:47 server iniciado 0.13.0
29/04/2012 22:04:07 server cerrado.
29/04/2012 22:04:32 server iniciado 0.13.0
29/04/2012 22:05:10 server cerrado.
29/04/2012 22:06:38 server iniciado 0.13.0
29/04/2012 22:07:47 server cerrado.
29/04/2012 22:10:41 server iniciado 0.13.0
29/04/2012 22:13:22 server cerrado.
29/04/2012 22:14:26 server iniciado 0.13.0
29/04/2012 22:17:48 server iniciado 0.13.0
29/04/2012 22:18:17 server iniciado 0.13.0
29/04/2012 22:19:02 server cerrado.
29/04/2012 22:31:43 server iniciado 0.13.0
29/04/2012 22:36:34 server cerrado.
29/04/2012 22:38:31 server iniciado 0.13.0
29/04/2012 22:39:45 server cerrado.
29/04/2012 22:41:03 server iniciado 0.13.0
29/04/2012 22:44:16 server cerrado.
29/04/2012 22:45:55 server iniciado 0.13.0
29/04/2012 22:47:30 server cerrado.
29/04/2012 22:47:54 server iniciado 0.13.0
29/04/2012 22:51:40 server cerrado.
29/04/2012 22:54:03 server iniciado 0.13.0
29/04/2012 22:56:34 server cerrado.
29/04/2012 22:56:58 server iniciado 0.13.0
29/04/2012 11:00:51 p.m. server cerrado.
29/04/2012 11:02:16 p.m. server iniciado 0.13.0
29/04/2012 23:05:29 server cerrado.
29/04/2012 23:06:23 server iniciado 0.13.0
29/04/2012 23:08:22 server cerrado.
29/04/2012 23:16:20 server iniciado 0.13.0
29/04/2012 23:18:29 server cerrado.
29/04/2012 23:19:25 server iniciado 0.13.0
29/04/2012 23:21:32 server iniciado 0.13.0
29/04/2012 23:22:32 server cerrado.
29/04/2012 11:32:33 p.m. server cerrado.
29/04/2012 23:33:13 server iniciado 0.13.0
29/04/2012 23:36:29 server iniciado 0.13.0
30/04/2012 0:04:40 server iniciado 0.13.0
30/04/2012 0:12:48 server cerrado.
30/04/2012 0:13:23 server iniciado 0.13.0
30/04/2012 0:22:57 server cerrado.
30/04/2012 0:23:48 server iniciado 0.13.0
30/04/2012 12:24:19 a.m. server iniciado 0.13.0
30/04/2012 03:13:19 a.m. server iniciado 0.13.0
30/04/2012 03:39:35 a.m. server cerrado.
30/04/2012 11:26:31 a.m. server iniciado 0.13.0
30/04/2012 11:56:29 a.m. server cerrado.
01/05/2012 01:16:51 a.m. server iniciado 0.13.0
01/05/2012 01:22:50 a.m. server iniciado 0.13.0
01/05/2012 01:55:53 a.m. server iniciado 0.13.0
01/05/2012 05:14:36 a.m. server cerrado.
01/05/2012 10:55:23 a.m. server iniciado 0.13.0
01/05/2012 11:46:31 a.m. server cerrado.
02/05/2012 22:22:40 server iniciado 0.13.0
02/05/2012 22:28:39 server cerrado.
02/05/2012 22:30:54 server iniciado 0.13.0
02/05/2012 22:35:00 server cerrado.
02/05/2012 22:35:09 server iniciado 0.13.0
02/05/2012 22:52:20 server cerrado.
02/05/2012 22:52:33 server iniciado 0.13.0
02/05/2012 22:57:03 server cerrado.
02/05/2012 23:44:49 server iniciado 0.13.0
02/05/2012 23:44:58 server cerrado.
02/05/2012 23:46:15 server iniciado 0.13.0
02/05/2012 23:46:34 server iniciado 0.13.0
02/05/2012 23:48:31 server iniciado 0.13.0
02/05/2012 23:49:35 server iniciado 0.13.0
02/05/2012 23:50:26 server iniciado 0.13.0
02/05/2012 23:50:54 server iniciado 0.13.0
02/05/2012 23:51:55 server iniciado 0.13.0
02/05/2012 23:51:57 server cerrado.
02/05/2012 23:59:24 server iniciado 0.13.0
03/05/2012 12:23:45 a.m. server iniciado 0.13.0
03/05/2012 0:46:50 server iniciado 0.13.0
03/05/2012 01:27:33 a.m. server cerrado.
