DUNKAN completó el nivel 1 en 36319,328 segundos.
DUNKAN completó el nivel 1 en 37,172 segundos.
DUNKAN completó el nivel 1 en 38,406 segundos.
DUNKAN completó el nivel 1 en 145,421 segundos.
DUNKAN completó el nivel 1 en 222,579 segundos.
DUNKAN completó el nivel 1 en 303,546 segundos.
DUNKAN completó el nivel 1 en 105,532 segundos.
DUNKAN completó el nivel 1 en 354,687 segundos.
DUNKAN completó el nivel 1 en 775,296 segundos.
DUNKAN completó el nivel 1 en 290,89 segundos.
DUNKAN completó el nivel 2 en 0 segundos.
DUNKAN completó el nivel 3 en 0 segundos.
DUNKAN completó el nivel 4 en 0 segundos.
DUNKAN completó el nivel 1 en 124,469 segundos.
DUNKAN completó el nivel 1 en 592,079 segundos.
DUNKAN completó el nivel 2 en 0 segundos.
DUNKAN completó el nivel 3 en 0 segundos.
DUNKAN completó el nivel 4 en 0 segundos.
DUNKAN completó el nivel 5 en 0 segundos.
DUNKAN completó el nivel 6 en 0 segundos.
DUNKAN completó el nivel 7 en 0 segundos.
DUNKAN completó el nivel 8 en 0 segundos.
DUNKAN completó el nivel 9 en 0 segundos.
DUNKAN completó el nivel 10 en 0 segundos.
DUNKAN completó el nivel 11 en 0 segundos.
DUNKAN completó el nivel 12 en 0 segundos.
DUNKAN completó el nivel 13 en 0 segundos.
DUNKAN completó el nivel 14 en 0 segundos.
DUNKAN completó el nivel 15 en 0 segundos.
DUNKAN completó el nivel 16 en 0 segundos.
DUNKAN completó el nivel 17 en 0 segundos.
DUNKAN completó el nivel 18 en 0 segundos.
DUNKAN completó el nivel 19 en 0 segundos.
DUNKAN completó el nivel 20 en 0,016 segundos.
DUNKAN completó el nivel 21 en 0 segundos.
DUNKAN completó el nivel 22 en 0 segundos.
DUNKAN completó el nivel 23 en 0 segundos.
DUNKAN completó el nivel 24 en 0 segundos.
DUNKAN completó el nivel 25 en 0 segundos.
DUNKAN completó el nivel 26 en 0 segundos.
DUNKAN completó el nivel 27 en 0 segundos.
DUNKAN completó el nivel 28 en 0 segundos.
DUNKAN completó el nivel 29 en 0 segundos.
DUNKAN completó el nivel 30 en 0 segundos.
DUNKAN completó el nivel 31 en 0 segundos.
DUNKAN completó el nivel 32 en 0 segundos.
DUNKAN completó el nivel 33 en 0 segundos.
DUNKAN completó el nivel 34 en 820,796 segundos.
DUNKAN completó el nivel 35 en 0 segundos.
DUNKAN completó el nivel 36 en 0 segundos.
DUNKAN completó el nivel 37 en 8,141 segundos.
DUNKAN completó el nivel 38 en 11,219 segundos.
DUNKAN completó el nivel 39 en 7,5 segundos.
DUNKAN completó el nivel 40 en 3,938 segundos.
DUNKAN completó el nivel 1 en 924,422 segundos.
DUNKAN completó el nivel 2 en 265,922 segundos.
DUNKAN completó el nivel 3 en 0 segundos.
DUNKAN completó el nivel 4 en 0 segundos.
DUNKAN completó el nivel 5 en 0,015 segundos.
DUNKAN completó el nivel 6 en 0 segundos.
DUNKAN completó el nivel 7 en 0 segundos.
DUNKAN completó el nivel 8 en 0 segundos.
DUNKAN completó el nivel 9 en 0 segundos.
DUNKAN completó el nivel 10 en 0 segundos.
DUNKAN completó el nivel 11 en 0 segundos.
DUNKAN completó el nivel 12 en 0 segundos.
DUNKAN completó el nivel 13 en 0 segundos.
DUNKAN completó el nivel 14 en 0 segundos.
DUNKAN completó el nivel 15 en 0 segundos.
DUNKAN completó el nivel 16 en 0 segundos.
DUNKAN completó el nivel 17 en 0 segundos.
DUNKAN completó el nivel 18 en 0 segundos.
DUNKAN completó el nivel 19 en 0 segundos.
DUNKAN completó el nivel 20 en 0 segundos.
DUNKAN completó el nivel 21 en 0 segundos.
DUNKAN completó el nivel 22 en 0 segundos.
DUNKAN completó el nivel 23 en 0 segundos.
DUNKAN completó el nivel 24 en 0 segundos.
DUNKAN completó el nivel 25 en 0 segundos.
DUNKAN completó el nivel 26 en 0 segundos.
DUNKAN completó el nivel 27 en 0 segundos.
DUNKAN completó el nivel 28 en 0 segundos.
DUNKAN completó el nivel 29 en 0 segundos.
DUNKAN completó el nivel 30 en 0 segundos.
MUERTO completó el nivel 1 en 956,969 segundos.
MUERTO completó el nivel 2 en 1760,453 segundos.
MUERTO completó el nivel 3 en 0,016 segundos.
MUERTO completó el nivel 4 en 0 segundos.
MUERTO completó el nivel 5 en 0 segundos.
MUERTO completó el nivel 6 en 0 segundos.
MUERTO completó el nivel 7 en 0 segundos.
MUERTO completó el nivel 8 en 0 segundos.
MUERTO completó el nivel 9 en 0,016 segundos.
MUERTO completó el nivel 10 en 0 segundos.
MUERTO completó el nivel 11 en 0 segundos.
MUERTO completó el nivel 12 en 0 segundos.
MUERTO completó el nivel 13 en 0 segundos.
MUERTO completó el nivel 14 en 0 segundos.
MUERTO completó el nivel 15 en 0 segundos.
MUERTO completó el nivel 16 en 0 segundos.
MUERTO completó el nivel 17 en 0 segundos.
MUERTO completó el nivel 18 en 0 segundos.
MUERTO completó el nivel 19 en 0 segundos.
MUERTO completó el nivel 20 en 0 segundos.
MUERTO completó el nivel 21 en 0 segundos.
MUERTO completó el nivel 22 en 0 segundos.
MUERTO completó el nivel 23 en 0 segundos.
MUERTO completó el nivel 24 en 0 segundos.
MUERTO completó el nivel 25 en 0 segundos.
MUERTO completó el nivel 26 en 0 segundos.
MUERTO completó el nivel 27 en 0 segundos.
MUERTO completó el nivel 28 en 0 segundos.
MUERTO completó el nivel 29 en 0 segundos.
MUERTO completó el nivel 30 en 0 segundos.
MUERTO completó el nivel 31 en 0 segundos.
MUERTO completó el nivel 32 en 0 segundos.
MUERTO completó el nivel 33 en 0 segundos.
DUNKAN completó el nivel 33 en 22038,125 segundos.
DUNKAN completó el nivel 34 en 0,015 segundos.
DUNKAN completó el nivel 35 en 0 segundos.
DUNKAN completó el nivel 36 en 105,516 segundos.
DUNKAN completó el nivel 37 en 0 segundos.
DUNKAN completó el nivel 38 en 146,047 segundos.
DUNKAN completó el nivel 39 en 101,734 segundos.
DUNKAN completó el nivel 40 en 133,531 segundos.
DUNKAN completó el nivel 41 en 97,11 segundos.
DUNKAN completó el nivel 42 en 27,703 segundos.
DUNKAN completó el nivel 43 en 36,343 segundos.
DUNKAN completó el nivel 44 en 47,047 segundos.
DUNKAN completó el nivel 1 en 25,907 segundos.
DUNKAN completó el nivel 2 en 64,312 segundos.
 completó el nivel 0 en 22,266 segundos.
DUNKAN completó el nivel 3 en 26,734 segundos.
DUNKAN completó el nivel 4 en 49,578 segundos.
DUNKAN completó el nivel 3 en 31,641 segundos.
DUNKAN completó el nivel 3 en 27,39 segundos.
DUNKAN completó el nivel 4 en 0,016 segundos.
DUNKAN completó el nivel 5 en 0 segundos.
DUNKAN completó el nivel 6 en 0 segundos.
DUNKAN completó el nivel 7 en 0 segundos.
DUNKAN completó el nivel 8 en 0 segundos.
DUNKAN completó el nivel 9 en 0 segundos.
DUNKAN completó el nivel 10 en 0 segundos.
DUNKAN completó el nivel 11 en 0 segundos.
DUNKAN completó el nivel 12 en 0 segundos.
DUNKAN completó el nivel 13 en 0 segundos.
DUNKAN completó el nivel 14 en 0 segundos.
DUNKAN completó el nivel 15 en 0 segundos.
DUNKAN completó el nivel 16 en 0 segundos.
DUNKAN completó el nivel 17 en 0 segundos.
DUNKAN completó el nivel 18 en 0 segundos.
DUNKAN completó el nivel 19 en 0 segundos.
DUNKAN completó el nivel 20 en 0 segundos.
DUNKAN completó el nivel 21 en 0 segundos.
DUNKAN completó el nivel 22 en 0 segundos.
DUNKAN completó el nivel 23 en 33,938 segundos.
MUERTO completó el nivel 34 en 103,891 segundos.
MUERTO completó el nivel 35 en 57,641 segundos.
MUERTO completó el nivel 36 en 0,015 segundos.
MUERTO completó el nivel 37 en 0 segundos.
DUNKAN completó el nivel 24 en 326,109 segundos.
