13/05/2012 9:57:41 LimpiaWsApi
13/05/2012 9:59:59 IniciaWsApi
13/05/2012 10:00:23 LimpiaWsApi
13/05/2012 10:01:28 IniciaWsApi
13/05/2012 10:01:37 LimpiaWsApi
13/05/2012 10:03:01 IniciaWsApi
13/05/2012 10:03:10 LimpiaWsApi
13/05/2012 10:03:29 IniciaWsApi
13/05/2012 10:04:19 LimpiaWsApi
13/05/2012 10:07:07 IniciaWsApi
13/05/2012 10:07:30 LimpiaWsApi
13/05/2012 10:09:17 IniciaWsApi
13/05/2012 10:09:24 LimpiaWsApi
13/05/2012 10:09:50 IniciaWsApi
13/05/2012 10:09:58 LimpiaWsApi
13/05/2012 10:11:10 IniciaWsApi
13/05/2012 10:11:23 LimpiaWsApi
13/05/2012 10:11:35 IniciaWsApi
13/05/2012 10:11:42 LimpiaWsApi
13/05/2012 10:11:53 IniciaWsApi
13/05/2012 10:13:29 LimpiaWsApi
12/05/2012 01:27:16 p.m. IniciaWsApi
12/05/2012 01:32:38 p.m. IniciaWsApi
12/05/2012 01:34:29 p.m. LimpiaWsApi
13/05/2012 13:39:15 IniciaWsApi
12/05/2012 01:41:34 p.m. IniciaWsApi
12/05/2012 01:41:43 p.m. LimpiaWsApi
12/05/2012 01:43:28 p.m. IniciaWsApi
12/05/2012 02:25:42 p.m. IniciaWsApi
12/05/2012 02:27:39 p.m. LimpiaWsApi
12/05/2012 02:49:44 p.m. IniciaWsApi
12/05/2012 02:54:46 p.m. LimpiaWsApi
12/05/2012 02:57:24 p.m. IniciaWsApi
12/05/2012 03:01:52 p.m. LimpiaWsApi
13/05/2012 15:33:06 IniciaWsApi
13/05/2012 15:56:47 IniciaWsApi
13/05/2012 15:58:54 IniciaWsApi
13/05/2012 16:03:59 LimpiaWsApi
13/05/2012 16:04:07 IniciaWsApi
13/05/2012 16:04:40 LimpiaWsApi
13/05/2012 16:14:22 IniciaWsApi
13/05/2012 16:22:40 IniciaWsApi
13/05/2012 16:22:51 LimpiaWsApi
12/05/2012 05:02:26 p.m. IniciaWsApi
12/05/2012 05:04:40 p.m. LimpiaWsApi
13/05/2012 12:32:27 a.m. IniciaWsApi
13/05/2012 10:02:03 IniciaWsApi
13/05/2012 10:02:28 LimpiaWsApi
13/05/2012 10:46:09 IniciaWsApi
13/05/2012 10:54:21 LimpiaWsApi
13/05/2012 10:57:15 IniciaWsApi
13/05/2012 11:00:26 LimpiaWsApi
13/05/2012 11:02:29 IniciaWsApi
13/05/2012 11:05:11 IniciaWsApi
13/05/2012 11:07:51 LimpiaWsApi
13/05/2012 11:08:20 IniciaWsApi
13/05/2012 11:13:35 LimpiaWsApi
13/05/2012 11:15:03 IniciaWsApi
13/05/2012 11:16:33 LimpiaWsApi
13/05/2012 11:18:40 IniciaWsApi
13/05/2012 11:19:01 LimpiaWsApi
13/05/2012 11:20:35 IniciaWsApi
13/05/2012 11:22:39 LimpiaWsApi
13/05/2012 11:26:16 IniciaWsApi
13/05/2012 11:36:40 IniciaWsApi
13/05/2012 11:42:04 a.m. IniciaWsApi
13/05/2012 12:46:26 IniciaWsApi
13/05/2012 12:49:45 LimpiaWsApi
13/05/2012 14:58:42 IniciaWsApi
13/05/2012 14:59:55 LimpiaWsApi
13/05/2012 15:00:40 IniciaWsApi
13/05/2012 15:01:14 LimpiaWsApi
13/05/2012 15:02:40 IniciaWsApi
13/05/2012 15:03:42 LimpiaWsApi
13/05/2012 15:19:35 IniciaWsApi
13/05/2012 15:19:59 LimpiaWsApi
13/05/2012 10:49:52 p.m. IniciaWsApi
13/05/2012 10:55:04 p.m. LimpiaWsApi
14/05/2012 5:13:37 IniciaWsApi
14/05/2012 5:15:15 LimpiaWsApi
14/05/2012 5:24:53 IniciaWsApi
14/05/2012 5:29:24 LimpiaWsApi
14/05/2012 5:42:44 IniciaWsApi
14/05/2012 5:49:06 LimpiaWsApi
14/05/2012 5:49:41 IniciaWsApi
14/05/2012 5:50:22 LimpiaWsApi
14/05/2012 5:51:55 IniciaWsApi
14/05/2012 5:52:25 LimpiaWsApi
14/05/2012 5:53:51 IniciaWsApi
14/05/2012 5:54:38 LimpiaWsApi
14/05/2012 5:59:45 IniciaWsApi
14/05/2012 10:01:21 IniciaWsApi
14/05/2012 10:04:08 LimpiaWsApi
14/05/2012 10:11:02 IniciaWsApi
14/05/2012 10:11:49 LimpiaWsApi
14/05/2012 10:13:03 IniciaWsApi
14/05/2012 10:26:59 LimpiaWsApi
14/05/2012 10:27:05 IniciaWsApi
14/05/2012 10:27:38 LimpiaWsApi
14/05/2012 10:29:19 IniciaWsApi
14/05/2012 10:31:15 LimpiaWsApi
14/05/2012 10:32:15 IniciaWsApi
14/05/2012 10:39:02 LimpiaWsApi
14/05/2012 10:49:22 IniciaWsApi
14/05/2012 10:49:33 LimpiaWsApi
14/05/2012 10:51:32 IniciaWsApi
14/05/2012 11:04:41 LimpiaWsApi
14/05/2012 11:05:05 IniciaWsApi
14/05/2012 11:35:52 LimpiaWsApi
14/05/2012 11:36:15 IniciaWsApi
14/05/2012 11:37:56 LimpiaWsApi
14/05/2012 11:40:21 IniciaWsApi
14/05/2012 11:44:50 LimpiaWsApi
14/05/2012 11:53:35 IniciaWsApi
14/05/2012 11:58:31 LimpiaWsApi
14/05/2012 11:58:59 IniciaWsApi
14/05/2012 12:01:04 LimpiaWsApi
14/05/2012 12:02:22 IniciaWsApi
14/05/2012 12:05:04 LimpiaWsApi
14/05/2012 12:05:41 IniciaWsApi
14/05/2012 12:09:19 LimpiaWsApi
14/05/2012 12:09:23 IniciaWsApi
14/05/2012 12:15:31 IniciaWsApi
14/05/2012 12:16:13 LimpiaWsApi
14/05/2012 12:20:42 IniciaWsApi
14/05/2012 12:23:24 LimpiaWsApi
14/05/2012 12:23:54 IniciaWsApi
14/05/2012 12:25:48 LimpiaWsApi
14/05/2012 14:14:35 IniciaWsApi
14/05/2012 14:16:10 LimpiaWsApi
14/05/2012 02:19:24 p.m. IniciaWsApi
14/05/2012 02:20:57 p.m. LimpiaWsApi
14/05/2012 02:21:20 p.m. IniciaWsApi
14/05/2012 03:13:58 p.m. LimpiaWsApi
14/05/2012 16:54:37 IniciaWsApi
14/05/2012 05:32:46 p.m. IniciaWsApi
14/05/2012 05:36:51 p.m. IniciaWsApi
14/05/2012 05:57:34 p.m. LimpiaWsApi
14/05/2012 06:04:16 p.m. IniciaWsApi
14/05/2012 06:07:22 p.m. LimpiaWsApi
15/05/2012 13:41:19 IniciaWsApi
15/05/2012 13:41:42 LimpiaWsApi
15/05/2012 13:44:24 IniciaWsApi
15/05/2012 13:44:34 LimpiaWsApi
15/05/2012 13:45:43 IniciaWsApi
15/05/2012 13:45:53 LimpiaWsApi
15/05/2012 13:46:06 IniciaWsApi
15/05/2012 13:46:17 LimpiaWsApi
15/05/2012 13:47:36 IniciaWsApi
15/05/2012 13:47:45 LimpiaWsApi
15/05/2012 13:53:59 IniciaWsApi
15/05/2012 13:54:17 LimpiaWsApi
15/05/2012 13:58:44 IniciaWsApi
15/05/2012 13:59:43 LimpiaWsApi
15/05/2012 14:01:28 IniciaWsApi
15/05/2012 14:34:44 LimpiaWsApi
15/05/2012 14:34:49 IniciaWsApi
15/05/2012 14:35:08 Error en Recv: N=1 S=984 Str=Software caused connection abort.
15/05/2012 14:35:15 LimpiaWsApi
15/05/2012 20:39:48 IniciaWsApi
15/05/2012 20:40:35 LimpiaWsApi
15/05/2012 20:46:36 IniciaWsApi
15/05/2012 20:54:28 IniciaWsApi
15/05/2012 09:44:06 p.m. IniciaWsApi
15/05/2012 10:08:59 p.m. IniciaWsApi
15/05/2012 23:42:45 IniciaWsApi
15/05/2012 23:45:53 IniciaWsApi
15/05/2012 23:47:27 LimpiaWsApi
15/05/2012 23:49:26 IniciaWsApi
15/05/2012 23:51:02 LimpiaWsApi
15/05/2012 23:54:23 IniciaWsApi
15/05/2012 23:57:30 IniciaWsApi
15/05/2012 23:59:17 IniciaWsApi
16/05/2012 0:01:37 LimpiaWsApi
16/05/2012 0:01:44 IniciaWsApi
16/05/2012 0:02:07 LimpiaWsApi
16/05/2012 0:03:16 IniciaWsApi
16/05/2012 0:05:12 LimpiaWsApi
16/05/2012 0:05:39 IniciaWsApi
16/05/2012 0:05:50 LimpiaWsApi
16/05/2012 0:06:24 IniciaWsApi
16/05/2012 07:59:44 a.m. IniciaWsApi
16/05/2012 08:00:37 a.m. LimpiaWsApi
16/05/2012 20:09:08 IniciaWsApi
16/05/2012 20:12:08 LimpiaWsApi
17/05/2012 9:49:42 IniciaWsApi
17/05/2012 9:51:38 IniciaWsApi
17/05/2012 9:52:08 LimpiaWsApi
17/05/2012 9:54:28 IniciaWsApi
17/05/2012 10:00:47 LimpiaWsApi
17/05/2012 10:03:09 IniciaWsApi
17/05/2012 10:09:40 IniciaWsApi
17/05/2012 10:13:37 IniciaWsApi
17/05/2012 10:25:42 IniciaWsApi
17/05/2012 10:27:59 IniciaWsApi
17/05/2012 10:28:54 IniciaWsApi
17/05/2012 10:29:22 IniciaWsApi
17/05/2012 10:29:37 IniciaWsApi
17/05/2012 10:29:50 LimpiaWsApi
17/05/2012 10:30:09 IniciaWsApi
17/05/2012 10:30:12 LimpiaWsApi
17/05/2012 10:38:02 IniciaWsApi
17/05/2012 10:39:25 IniciaWsApi
17/05/2012 10:40:07 LimpiaWsApi
17/05/2012 10:41:50 IniciaWsApi
17/05/2012 10:44:14 LimpiaWsApi
17/05/2012 10:45:53 IniciaWsApi
17/05/2012 10:46:12 LimpiaWsApi
17/05/2012 10:48:19 IniciaWsApi
17/05/2012 10:48:23 LimpiaWsApi
17/05/2012 10:49:42 IniciaWsApi
17/05/2012 10:49:46 LimpiaWsApi
17/05/2012 10:52:07 IniciaWsApi
17/05/2012 10:52:11 LimpiaWsApi
17/05/2012 10:57:59 IniciaWsApi
17/05/2012 10:58:03 LimpiaWsApi
17/05/2012 10:58:18 IniciaWsApi
17/05/2012 10:58:38 IniciaWsApi
17/05/2012 10:59:04 IniciaWsApi
17/05/2012 10:59:33 IniciaWsApi
17/05/2012 10:59:40 LimpiaWsApi
17/05/2012 10:59:53 IniciaWsApi
17/05/2012 11:00:00 LimpiaWsApi
17/05/2012 11:03:04 IniciaWsApi
17/05/2012 11:04:24 IniciaWsApi
17/05/2012 11:06:01 IniciaWsApi
17/05/2012 11:06:23 IniciaWsApi
17/05/2012 11:07:13 LimpiaWsApi
17/05/2012 11:10:16 IniciaWsApi
17/05/2012 11:10:33 IniciaWsApi
17/05/2012 11:12:19 LimpiaWsApi
17/05/2012 11:12:31 IniciaWsApi
17/05/2012 11:17:48 IniciaWsApi
17/05/2012 11:18:26 LimpiaWsApi
17/05/2012 11:19:49 IniciaWsApi
17/05/2012 11:21:45 IniciaWsApi
17/05/2012 11:22:42 LimpiaWsApi
17/05/2012 11:23:35 IniciaWsApi
17/05/2012 11:23:51 LimpiaWsApi
17/05/2012 11:24:14 IniciaWsApi
17/05/2012 11:45:04 LimpiaWsApi
17/05/2012 11:49:44 IniciaWsApi
17/05/2012 11:55:05 LimpiaWsApi
17/05/2012 11:56:03 IniciaWsApi
17/05/2012 11:57:55 IniciaWsApi
17/05/2012 12:03:39 LimpiaWsApi
17/05/2012 12:04:09 IniciaWsApi
17/05/2012 12:07:07 LimpiaWsApi
17/05/2012 12:07:37 IniciaWsApi
17/05/2012 12:13:48 LimpiaWsApi
17/05/2012 12:14:08 IniciaWsApi
17/05/2012 12:17:52 LimpiaWsApi
17/05/2012 12:18:07 IniciaWsApi
17/05/2012 12:18:26 IniciaWsApi
17/05/2012 12:19:05 LimpiaWsApi
17/05/2012 12:27:12 IniciaWsApi
17/05/2012 12:30:17 LimpiaWsApi
17/05/2012 12:31:10 IniciaWsApi
17/05/2012 12:31:29 LimpiaWsApi
17/05/2012 12:31:42 IniciaWsApi
17/05/2012 12:41:57 LimpiaWsApi
19/05/2012 15:19:34 IniciaWsApi
19/05/2012 15:20:28 LimpiaWsApi
28/05/2012 10:13:03 p.m. IniciaWsApi
28/05/2012 10:13:06 p.m. LimpiaWsApi
05/06/2012 3:44:50 IniciaWsApi
05/06/2012 3:45:34 LimpiaWsApi
05/06/2012 3:48:09 IniciaWsApi
05/06/2012 3:49:27 LimpiaWsApi
05/06/2012 3:49:33 IniciaWsApi
05/06/2012 3:51:55 LimpiaWsApi
05/06/2012 3:52:29 IniciaWsApi
05/06/2012 3:52:49 LimpiaWsApi
05/06/2012 3:53:53 IniciaWsApi
05/06/2012 3:54:15 LimpiaWsApi
05/06/2012 3:54:39 IniciaWsApi
05/06/2012 3:56:56 IniciaWsApi
05/06/2012 4:13:32 LimpiaWsApi
